#
# There is insufficient memory for the Java Runtime Environment to continue.
# Native memory allocation (mmap) failed to map 450887680 bytes for G1 virtual space
# Possible reasons:
#   The system is out of physical RAM or swap space
#   The process is running with CompressedOops enabled, and the Java Heap may be blocking the growth of the native heap
# Possible solutions:
#   Reduce memory load on the system
#   Increase physical memory or swap space
#   Check if swap backing store is full
#   Decrease Java heap size (-Xmx/-Xms)
#   Decrease number of Java threads
#   Decrease Java thread stack sizes (-Xss)
#   Set larger code cache with -XX:ReservedCodeCacheSize=
#   JVM is running with Zero Based Compressed Oops mode in which the Java heap is
#     placed in the first 32GB address space. The Java Heap base address is the
#     maximum limit for the native heap growth. Please use -XX:HeapBaseMinAddress
#     to set the Java Heap base and to place the Java Heap above 32GB virtual address.
# This output file may be truncated or incomplete.
#
#  Out of Memory Error (os_windows.cpp:3550), pid=9704, tid=2584
#
# JRE version: Java(TM) SE Runtime Environment (17.0.6+9) (build 17.0.6+9-LTS-190)
# Java VM: Java HotSpot(TM) 64-Bit Server VM (17.0.6+9-LTS-190, mixed mode, sharing, tiered, compressed oops, compressed class ptrs, g1 gc, windows-amd64)
# No core dump will be written. Minidumps are not enabled by default on client versions of Windows
#

---------------  S U M M A R Y ------------

Command Line: org.jetbrains.kotlin.cli.jvm.K2JVMCompiler @C:\Users\AUGUSTO\Desktop\Dev_projetos\AnkiDroid\AnkiDroid\build\20230629_276782946233165097.compiler.options

Host: Intel(R) Core(TM) i3-6006U CPU @ 2.00GHz, 4 cores, 14G,  Windows 10 , 64 bit Build 19041 (10.0.19041.3031)
Time: Thu Jun 29 00:13:34 2023 Hora oficial do Brasil elapsed time: 360.915345 seconds (0d 0h 6m 0s)

---------------  T H R E A D  ---------------

Current thread (0x000001e0fcfb7110):  VMThread "VM Thread" [stack: 0x000000b518c00000,0x000000b518d00000] [id=2584]

Stack: [0x000000b518c00000,0x000000b518d00000]
Native frames: (J=compiled Java code, j=interpreted, Vv=VM code, C=native code)
V  [jvm.dll+0x6734ea]
V  [jvm.dll+0x7d18f4]
V  [jvm.dll+0x7d309e]
V  [jvm.dll+0x7d3703]
V  [jvm.dll+0x2433c5]
V  [jvm.dll+0x6703f9]
V  [jvm.dll+0x664d32]
V  [jvm.dll+0x300086]
V  [jvm.dll+0x307606]
V  [jvm.dll+0x356c1e]
V  [jvm.dll+0x356e4f]
V  [jvm.dll+0x2d72e8]
V  [jvm.dll+0x2da386]
V  [jvm.dll+0x2e4b58]
V  [jvm.dll+0x318590]
V  [jvm.dll+0x7d7f0b]
V  [jvm.dll+0x7d8c44]
V  [jvm.dll+0x7d915d]
V  [jvm.dll+0x7d9534]
V  [jvm.dll+0x7d9600]
V  [jvm.dll+0x781a7a]
V  [jvm.dll+0x672375]
C  [ucrtbase.dll+0x21bb2]
C  [KERNEL32.DLL+0x17614]
C  [ntdll.dll+0x526f1]

VM_Operation (0x000000b5188ff3a0): G1Concurrent, mode: safepoint, requested by thread 0x000001e0d9d30260


---------------  P R O C E S S  ---------------

Threads class SMR info:
_java_thread_list=0x000001e086a36ea0, length=13, elements={
0x000001e0d9cbdf70, 0x000001e0fcfbac90, 0x000001e0fcfbca20, 0x000001e0fcfd5e90,
0x000001e0fcfd8760, 0x000001e0fcfd9020, 0x000001e0fcfd98e0, 0x000001e0fcfda580,
0x000001e0fcfddf50, 0x000001e0fd02eaf0, 0x000001e0fdcdf2c0, 0x000001e0fdce6410,
0x000001e082d60940
}

Java Threads: ( => current thread )
  0x000001e0d9cbdf70 JavaThread "main" [_thread_blocked, id=21024, stack(0x000000b518500000,0x000000b518600000)]
  0x000001e0fcfbac90 JavaThread "Reference Handler" daemon [_thread_blocked, id=10124, stack(0x000000b518d00000,0x000000b518e00000)]
  0x000001e0fcfbca20 JavaThread "Finalizer" daemon [_thread_blocked, id=8772, stack(0x000000b518e00000,0x000000b518f00000)]
  0x000001e0fcfd5e90 JavaThread "Signal Dispatcher" daemon [_thread_blocked, id=18484, stack(0x000000b518f00000,0x000000b519000000)]
  0x000001e0fcfd8760 JavaThread "Attach Listener" daemon [_thread_blocked, id=12856, stack(0x000000b519000000,0x000000b519100000)]
  0x000001e0fcfd9020 JavaThread "Service Thread" daemon [_thread_blocked, id=7780, stack(0x000000b519100000,0x000000b519200000)]
  0x000001e0fcfd98e0 JavaThread "Monitor Deflation Thread" daemon [_thread_blocked, id=18732, stack(0x000000b519200000,0x000000b519300000)]
  0x000001e0fcfda580 JavaThread "C2 CompilerThread0" daemon [_thread_blocked, id=8912, stack(0x000000b519300000,0x000000b519400000)]
  0x000001e0fcfddf50 JavaThread "C1 CompilerThread0" daemon [_thread_blocked, id=21112, stack(0x000000b519400000,0x000000b519500000)]
  0x000001e0fd02eaf0 JavaThread "Sweeper thread" daemon [_thread_blocked, id=2816, stack(0x000000b519500000,0x000000b519600000)]
  0x000001e0fdcdf2c0 JavaThread "Notification Thread" daemon [_thread_blocked, id=15888, stack(0x000000b519600000,0x000000b519700000)]
  0x000001e0fdce6410 JavaThread "Common-Cleaner" daemon [_thread_blocked, id=18160, stack(0x000000b519800000,0x000000b519900000)]
  0x000001e082d60940 JavaThread "C2 CompilerThread1" daemon [_thread_blocked, id=4664, stack(0x000000b518400000,0x000000b518500000)]

Other Threads:
=>0x000001e0fcfb7110 VMThread "VM Thread" [stack: 0x000000b518c00000,0x000000b518d00000] [id=2584]
  0x000001e0fdce5fd0 WatcherThread [stack: 0x000000b519700000,0x000000b519800000] [id=12004]
  0x000001e0d9d210e0 GCTaskThread "GC Thread#0" [stack: 0x000000b518700000,0x000000b518800000] [id=13512]
  0x000001e0fdf7d5c0 GCTaskThread "GC Thread#1" [stack: 0x000000b519900000,0x000000b519a00000] [id=3980]
  0x000001e0fdf7d870 GCTaskThread "GC Thread#2" [stack: 0x000000b519a00000,0x000000b519b00000] [id=10788]
  0x000001e0fe058890 GCTaskThread "GC Thread#3" [stack: 0x000000b519b00000,0x000000b519c00000] [id=18312]
  0x000001e0d9d30260 ConcurrentGCThread "G1 Main Marker" [stack: 0x000000b518800000,0x000000b518900000] [id=3504]
  0x000001e0d9d30c70 ConcurrentGCThread "G1 Conc#0" [stack: 0x000000b518900000,0x000000b518a00000] [id=14392]
  0x000001e0d9d8deb0 ConcurrentGCThread "G1 Refine#0" [stack: 0x000000b518a00000,0x000000b518b00000] [id=7452]
  0x000001e080c7ec50 ConcurrentGCThread "G1 Refine#1" [stack: 0x000000b519d00000,0x000000b519e00000] [id=15660]
  0x000001e080d818a0 ConcurrentGCThread "G1 Refine#2" [stack: 0x000000b519c00000,0x000000b519d00000] [id=8780]
  0x000001e080d95700 ConcurrentGCThread "G1 Refine#3" [stack: 0x000000b519e00000,0x000000b519f00000] [id=6088]
  0x000001e0d9d8e8d0 ConcurrentGCThread "G1 Service" [stack: 0x000000b518b00000,0x000000b518c00000] [id=3240]

Threads with active compile tasks:
C2 CompilerThread0   361029 30603   !   4       java.util.ArrayList::batchRemove (184 bytes)
C2 CompilerThread1   361029 30577       4       org.jetbrains.kotlin.descriptors.DescriptorUtilKt::resolveClassByFqName (172 bytes)

VM state: at safepoint (normal execution)

VM Mutex/Monitor currently owned by a thread:  ([mutex/lock_event])
[0x000001e0d9cb8cb0] Threads_lock - owner thread: 0x000001e0fcfb7110
[0x000001e0d9cb91c0] Heap_lock - owner thread: 0x000001e0d9d30260

Heap address: 0x000000071dc00000, size: 3620 MB, Compressed Oops mode: Zero based, Oop shift amount: 3

CDS archive(s) mapped at: [0x0000000800000000-0x0000000800bd0000-0x0000000800bd0000), size 12386304, SharedBaseAddress: 0x0000000800000000, ArchiveRelocationMode: 0.
Compressed class space mapped at: 0x0000000800c00000-0x0000000840c00000, reserved size: 1073741824
Narrow klass base: 0x0000000800000000, Narrow klass shift: 0, Narrow klass range: 0x100000000

GC Precious Log:
 CPUs: 4 total, 4 available
 Memory: 14478M
 Large Page Support: Disabled
 NUMA Support: Disabled
 Compressed Oops: Enabled (Zero based)
 Heap Region Size: 2M
 Heap Min Capacity: 8M
 Heap Initial Capacity: 228M
 Heap Max Capacity: 3620M
 Pre-touch: Disabled
 Parallel Workers: 4
 Concurrent Workers: 1
 Concurrent Refinement Workers: 4
 Periodic GC: Disabled

Heap:
 garbage-first heap   total 792576K, used 736285K [0x000000071dc00000, 0x0000000800000000)
  region size 2048K, 17 young (34816K), 3 survivors (6144K)
 Metaspace       used 75156K, committed 75712K, reserved 1122304K
  class space    used 7866K, committed 8128K, reserved 1048576K

Heap Regions: E=young(eden), S=young(survivor), O=old, HS=humongous(starts), HC=humongous(continues), CS=collection set, F=free, OA=open archive, CA=closed archive, TAMS=top-at-mark-start (previous, next)
|   0|0x000000071dc00000, 0x000000071de00000, 0x000000071de00000|100%|HS|  |TAMS 0x000000071de00000, 0x000000071dc00000| Complete 
|   1|0x000000071de00000, 0x000000071e000000, 0x000000071e000000|100%|HC|  |TAMS 0x000000071e000000, 0x000000071de00000| Complete 
|   2|0x000000071e000000, 0x000000071e200000, 0x000000071e200000|100%| O|  |TAMS 0x000000071e200000, 0x000000071e000000| Untracked 
|   3|0x000000071e200000, 0x000000071e400000, 0x000000071e400000|100%| O|  |TAMS 0x000000071e400000, 0x000000071e200000| Updating 
|   4|0x000000071e400000, 0x000000071e600000, 0x000000071e600000|100%|HS|  |TAMS 0x000000071e600000, 0x000000071e400000| Complete 
|   5|0x000000071e600000, 0x000000071e800000, 0x000000071e800000|100%|HC|  |TAMS 0x000000071e800000, 0x000000071e600000| Complete 
|   6|0x000000071e800000, 0x000000071ea00000, 0x000000071ea00000|100%| O|  |TAMS 0x000000071ea00000, 0x000000071e800000| Updating 
|   7|0x000000071ea00000, 0x000000071ec00000, 0x000000071ec00000|100%| O|  |TAMS 0x000000071ec00000, 0x000000071ea00000| Untracked 
|   8|0x000000071ec00000, 0x000000071ee00000, 0x000000071ee00000|100%| O|  |TAMS 0x000000071ee00000, 0x000000071ec00000| Untracked 
|   9|0x000000071ee00000, 0x000000071f000000, 0x000000071f000000|100%| O|  |TAMS 0x000000071f000000, 0x000000071ee00000| Untracked 
|  10|0x000000071f000000, 0x000000071f200000, 0x000000071f200000|100%| O|  |TAMS 0x000000071f200000, 0x000000071f000000| Untracked 
|  11|0x000000071f200000, 0x000000071f400000, 0x000000071f400000|100%| O|  |TAMS 0x000000071f400000, 0x000000071f200000| Untracked 
|  12|0x000000071f400000, 0x000000071f600000, 0x000000071f600000|100%| O|  |TAMS 0x000000071f600000, 0x000000071f400000| Untracked 
|  13|0x000000071f600000, 0x000000071f800000, 0x000000071f800000|100%| O|  |TAMS 0x000000071f800000, 0x000000071f600000| Updating 
|  14|0x000000071f800000, 0x000000071f9fd400, 0x000000071fa00000| 99%| O|  |TAMS 0x000000071f9fd400, 0x000000071f800000| Untracked 
|  15|0x000000071fa00000, 0x000000071fc00000, 0x000000071fc00000|100%| O|  |TAMS 0x000000071fc00000, 0x000000071fa00000| Untracked 
|  16|0x000000071fc00000, 0x000000071fe00000, 0x000000071fe00000|100%| O|  |TAMS 0x000000071fe00000, 0x000000071fc00000| Updating 
|  17|0x000000071fe00000, 0x0000000720000000, 0x0000000720000000|100%| O|  |TAMS 0x0000000720000000, 0x000000071fe00000| Untracked 
|  18|0x0000000720000000, 0x0000000720200000, 0x0000000720200000|100%| O|  |TAMS 0x0000000720200000, 0x0000000720000000| Untracked 
|  19|0x0000000720200000, 0x0000000720400000, 0x0000000720400000|100%| O|  |TAMS 0x0000000720400000, 0x0000000720200000| Untracked 
|  20|0x0000000720400000, 0x0000000720600000, 0x0000000720600000|100%| O|  |TAMS 0x0000000720600000, 0x0000000720400000| Untracked 
|  21|0x0000000720600000, 0x0000000720800000, 0x0000000720800000|100%| O|  |TAMS 0x0000000720800000, 0x0000000720600000| Untracked 
|  22|0x0000000720800000, 0x0000000720a00000, 0x0000000720a00000|100%| O|  |TAMS 0x0000000720a00000, 0x0000000720800000| Untracked 
|  23|0x0000000720a00000, 0x0000000720c00000, 0x0000000720c00000|100%| O|  |TAMS 0x0000000720c00000, 0x0000000720a00000| Untracked 
|  24|0x0000000720c00000, 0x0000000720e00000, 0x0000000720e00000|100%|HS|  |TAMS 0x0000000720e00000, 0x0000000720c00000| Complete 
|  25|0x0000000720e00000, 0x0000000721000000, 0x0000000721000000|100%| O|  |TAMS 0x0000000721000000, 0x0000000720e00000| Untracked 
|  26|0x0000000721000000, 0x0000000721200000, 0x0000000721200000|100%| O|  |TAMS 0x0000000721200000, 0x0000000721000000| Untracked 
|  27|0x0000000721200000, 0x0000000721400000, 0x0000000721400000|100%| O|  |TAMS 0x0000000721400000, 0x0000000721200000| Untracked 
|  28|0x0000000721400000, 0x0000000721600000, 0x0000000721600000|100%| O|  |TAMS 0x0000000721600000, 0x0000000721400000| Updating 
|  29|0x0000000721600000, 0x0000000721800000, 0x0000000721800000|100%| O|  |TAMS 0x0000000721800000, 0x0000000721600000| Updating 
|  30|0x0000000721800000, 0x0000000721a00000, 0x0000000721a00000|100%| O|  |TAMS 0x0000000721a00000, 0x0000000721800000| Untracked 
|  31|0x0000000721a00000, 0x0000000721c00000, 0x0000000721c00000|100%| O|  |TAMS 0x0000000721c00000, 0x0000000721a00000| Untracked 
|  32|0x0000000721c00000, 0x0000000721e00000, 0x0000000721e00000|100%| O|  |TAMS 0x0000000721e00000, 0x0000000721c00000| Untracked 
|  33|0x0000000721e00000, 0x0000000722000000, 0x0000000722000000|100%| O|  |TAMS 0x0000000722000000, 0x0000000721e00000| Untracked 
|  34|0x0000000722000000, 0x0000000722200000, 0x0000000722200000|100%| O|  |TAMS 0x0000000722200000, 0x0000000722000000| Untracked 
|  35|0x0000000722200000, 0x0000000722400000, 0x0000000722400000|100%| O|  |TAMS 0x0000000722400000, 0x0000000722200000| Untracked 
|  36|0x0000000722400000, 0x0000000722600000, 0x0000000722600000|100%| O|  |TAMS 0x0000000722600000, 0x0000000722400000| Updating 
|  37|0x0000000722600000, 0x0000000722800000, 0x0000000722800000|100%| O|  |TAMS 0x0000000722800000, 0x0000000722600000| Untracked 
|  38|0x0000000722800000, 0x0000000722a00000, 0x0000000722a00000|100%| O|  |TAMS 0x0000000722a00000, 0x0000000722800000| Updating 
|  39|0x0000000722a00000, 0x0000000722c00000, 0x0000000722c00000|100%| O|  |TAMS 0x0000000722c00000, 0x0000000722a00000| Untracked 
|  40|0x0000000722c00000, 0x0000000722e00000, 0x0000000722e00000|100%| O|  |TAMS 0x0000000722e00000, 0x0000000722c00000| Updating 
|  41|0x0000000722e00000, 0x0000000723000000, 0x0000000723000000|100%| O|  |TAMS 0x0000000723000000, 0x0000000722e00000| Updating 
|  42|0x0000000723000000, 0x0000000723200000, 0x0000000723200000|100%| O|  |TAMS 0x0000000723200000, 0x0000000723000000| Updating 
|  43|0x0000000723200000, 0x0000000723200000, 0x0000000723400000|  0%| F|  |TAMS 0x0000000723200000, 0x0000000723200000| Untracked 
|  44|0x0000000723400000, 0x0000000723600000, 0x0000000723600000|100%| O|  |TAMS 0x0000000723600000, 0x0000000723400000| Untracked 
|  45|0x0000000723600000, 0x0000000723800000, 0x0000000723800000|100%| O|  |TAMS 0x0000000723800000, 0x0000000723600000| Untracked 
|  46|0x0000000723800000, 0x0000000723a00000, 0x0000000723a00000|100%| O|  |TAMS 0x0000000723a00000, 0x0000000723800000| Updating 
|  47|0x0000000723a00000, 0x0000000723c00000, 0x0000000723c00000|100%| O|  |TAMS 0x0000000723c00000, 0x0000000723a00000| Untracked 
|  48|0x0000000723c00000, 0x0000000723e00000, 0x0000000723e00000|100%| O|  |TAMS 0x0000000723e00000, 0x0000000723c00000| Untracked 
|  49|0x0000000723e00000, 0x0000000724000000, 0x0000000724000000|100%| O|  |TAMS 0x0000000724000000, 0x0000000723e00000| Untracked 
|  50|0x0000000724000000, 0x0000000724200000, 0x0000000724200000|100%| O|  |TAMS 0x0000000724200000, 0x0000000724000000| Untracked 
|  51|0x0000000724200000, 0x0000000724400000, 0x0000000724400000|100%| O|  |TAMS 0x0000000724400000, 0x0000000724200000| Untracked 
|  52|0x0000000724400000, 0x0000000724600000, 0x0000000724600000|100%| O|  |TAMS 0x0000000724600000, 0x0000000724400000| Updating 
|  53|0x0000000724600000, 0x0000000724800000, 0x0000000724800000|100%| O|  |TAMS 0x0000000724800000, 0x0000000724600000| Untracked 
|  54|0x0000000724800000, 0x0000000724a00000, 0x0000000724a00000|100%| O|  |TAMS 0x0000000724a00000, 0x0000000724800000| Untracked 
|  55|0x0000000724a00000, 0x0000000724c00000, 0x0000000724c00000|100%| O|  |TAMS 0x0000000724c00000, 0x0000000724a00000| Updating 
|  56|0x0000000724c00000, 0x0000000724e00000, 0x0000000724e00000|100%| O|  |TAMS 0x0000000724e00000, 0x0000000724c00000| Untracked 
|  57|0x0000000724e00000, 0x0000000725000000, 0x0000000725000000|100%| O|  |TAMS 0x0000000725000000, 0x0000000724e00000| Untracked 
|  58|0x0000000725000000, 0x0000000725200000, 0x0000000725200000|100%| O|  |TAMS 0x0000000725200000, 0x0000000725000000| Updating 
|  59|0x0000000725200000, 0x0000000725400000, 0x0000000725400000|100%| O|  |TAMS 0x0000000725400000, 0x0000000725200000| Untracked 
|  60|0x0000000725400000, 0x0000000725600000, 0x0000000725600000|100%| O|  |TAMS 0x0000000725600000, 0x0000000725400000| Untracked 
|  61|0x0000000725600000, 0x0000000725800000, 0x0000000725800000|100%| O|  |TAMS 0x0000000725800000, 0x0000000725600000| Untracked 
|  62|0x0000000725800000, 0x0000000725a00000, 0x0000000725a00000|100%| O|  |TAMS 0x0000000725a00000, 0x0000000725800000| Untracked 
|  63|0x0000000725a00000, 0x0000000725c00000, 0x0000000725c00000|100%| O|  |TAMS 0x0000000725c00000, 0x0000000725a00000| Untracked 
|  64|0x0000000725c00000, 0x0000000725e00000, 0x0000000725e00000|100%| O|  |TAMS 0x0000000725e00000, 0x0000000725c00000| Updating 
|  65|0x0000000725e00000, 0x0000000726000000, 0x0000000726000000|100%| O|  |TAMS 0x0000000726000000, 0x0000000725e00000| Untracked 
|  66|0x0000000726000000, 0x0000000726200000, 0x0000000726200000|100%| O|  |TAMS 0x0000000726200000, 0x0000000726000000| Untracked 
|  67|0x0000000726200000, 0x0000000726400000, 0x0000000726400000|100%| O|  |TAMS 0x0000000726400000, 0x0000000726200000| Untracked 
|  68|0x0000000726400000, 0x0000000726600000, 0x0000000726600000|100%| O|  |TAMS 0x0000000726600000, 0x0000000726400000| Updating 
|  69|0x0000000726600000, 0x0000000726800000, 0x0000000726800000|100%| O|  |TAMS 0x0000000726800000, 0x0000000726600000| Untracked 
|  70|0x0000000726800000, 0x0000000726a00000, 0x0000000726a00000|100%| O|  |TAMS 0x0000000726a00000, 0x0000000726800000| Updating 
|  71|0x0000000726a00000, 0x0000000726c00000, 0x0000000726c00000|100%| O|  |TAMS 0x0000000726c00000, 0x0000000726a00000| Untracked 
|  72|0x0000000726c00000, 0x0000000726e00000, 0x0000000726e00000|100%| O|  |TAMS 0x0000000726e00000, 0x0000000726c00000| Untracked 
|  73|0x0000000726e00000, 0x0000000727000000, 0x0000000727000000|100%| O|  |TAMS 0x0000000727000000, 0x0000000726e00000| Untracked 
|  74|0x0000000727000000, 0x0000000727200000, 0x0000000727200000|100%| O|  |TAMS 0x0000000727200000, 0x0000000727000000| Untracked 
|  75|0x0000000727200000, 0x0000000727400000, 0x0000000727400000|100%| O|  |TAMS 0x0000000727400000, 0x0000000727200000| Updating 
|  76|0x0000000727400000, 0x0000000727600000, 0x0000000727600000|100%| O|  |TAMS 0x0000000727600000, 0x0000000727400000| Untracked 
|  77|0x0000000727600000, 0x0000000727800000, 0x0000000727800000|100%| O|  |TAMS 0x0000000727800000, 0x0000000727600000| Untracked 
|  78|0x0000000727800000, 0x0000000727a00000, 0x0000000727a00000|100%| O|  |TAMS 0x0000000727a00000, 0x0000000727800000| Updating 
|  79|0x0000000727a00000, 0x0000000727c00000, 0x0000000727c00000|100%| O|  |TAMS 0x0000000727c00000, 0x0000000727a00000| Updating 
|  80|0x0000000727c00000, 0x0000000727e00000, 0x0000000727e00000|100%|HS|  |TAMS 0x0000000727e00000, 0x0000000727c00000| Complete 
|  81|0x0000000727e00000, 0x0000000728000000, 0x0000000728000000|100%|HC|  |TAMS 0x0000000728000000, 0x0000000727e00000| Complete 
|  82|0x0000000728000000, 0x0000000728200000, 0x0000000728200000|100%|HC|  |TAMS 0x0000000728200000, 0x0000000728000000| Complete 
|  83|0x0000000728200000, 0x0000000728400000, 0x0000000728400000|100%|HC|  |TAMS 0x0000000728400000, 0x0000000728200000| Complete 
|  84|0x0000000728400000, 0x0000000728600000, 0x0000000728600000|100%|HC|  |TAMS 0x0000000728600000, 0x0000000728400000| Complete 
|  85|0x0000000728600000, 0x0000000728800000, 0x0000000728800000|100%| O|  |TAMS 0x0000000728800000, 0x0000000728600000| Untracked 
|  86|0x0000000728800000, 0x0000000728a00000, 0x0000000728a00000|100%| O|  |TAMS 0x0000000728a00000, 0x0000000728800000| Untracked 
|  87|0x0000000728a00000, 0x0000000728c00000, 0x0000000728c00000|100%| O|  |TAMS 0x0000000728c00000, 0x0000000728a00000| Untracked 
|  88|0x0000000728c00000, 0x0000000728e00000, 0x0000000728e00000|100%| O|  |TAMS 0x0000000728e00000, 0x0000000728c00000| Untracked 
|  89|0x0000000728e00000, 0x0000000729000000, 0x0000000729000000|100%| O|  |TAMS 0x0000000729000000, 0x0000000728e00000| Untracked 
|  90|0x0000000729000000, 0x0000000729200000, 0x0000000729200000|100%| O|  |TAMS 0x0000000729200000, 0x0000000729000000| Updating 
|  91|0x0000000729200000, 0x0000000729400000, 0x0000000729400000|100%| O|  |TAMS 0x0000000729400000, 0x0000000729200000| Updating 
|  92|0x0000000729400000, 0x0000000729600000, 0x0000000729600000|100%| O|  |TAMS 0x0000000729600000, 0x0000000729400000| Untracked 
|  93|0x0000000729600000, 0x0000000729800000, 0x0000000729800000|100%| O|  |TAMS 0x0000000729800000, 0x0000000729600000| Untracked 
|  94|0x0000000729800000, 0x0000000729a00000, 0x0000000729a00000|100%| O|  |TAMS 0x0000000729a00000, 0x0000000729800000| Untracked 
|  95|0x0000000729a00000, 0x0000000729c00000, 0x0000000729c00000|100%| O|  |TAMS 0x0000000729c00000, 0x0000000729a00000| Untracked 
|  96|0x0000000729c00000, 0x0000000729e00000, 0x0000000729e00000|100%| O|  |TAMS 0x0000000729e00000, 0x0000000729c00000| Untracked 
|  97|0x0000000729e00000, 0x000000072a000000, 0x000000072a000000|100%| O|  |TAMS 0x000000072a000000, 0x0000000729e00000| Untracked 
|  98|0x000000072a000000, 0x000000072a200000, 0x000000072a200000|100%| O|  |TAMS 0x000000072a200000, 0x000000072a000000| Untracked 
|  99|0x000000072a200000, 0x000000072a400000, 0x000000072a400000|100%| O|  |TAMS 0x000000072a400000, 0x000000072a200000| Untracked 
| 100|0x000000072a400000, 0x000000072a600000, 0x000000072a600000|100%| O|  |TAMS 0x000000072a600000, 0x000000072a400000| Untracked 
| 101|0x000000072a600000, 0x000000072a800000, 0x000000072a800000|100%| O|  |TAMS 0x000000072a800000, 0x000000072a600000| Untracked 
| 102|0x000000072a800000, 0x000000072aa00000, 0x000000072aa00000|100%| O|  |TAMS 0x000000072aa00000, 0x000000072a800000| Untracked 
| 103|0x000000072aa00000, 0x000000072ac00000, 0x000000072ac00000|100%| O|  |TAMS 0x000000072ac00000, 0x000000072aa00000| Untracked 
| 104|0x000000072ac00000, 0x000000072ae00000, 0x000000072ae00000|100%| O|  |TAMS 0x000000072ae00000, 0x000000072ac00000| Updating 
| 105|0x000000072ae00000, 0x000000072b000000, 0x000000072b000000|100%| O|  |TAMS 0x000000072b000000, 0x000000072ae00000| Updating 
| 106|0x000000072b000000, 0x000000072b200000, 0x000000072b200000|100%| O|  |TAMS 0x000000072b200000, 0x000000072b000000| Untracked 
| 107|0x000000072b200000, 0x000000072b400000, 0x000000072b400000|100%| O|  |TAMS 0x000000072b400000, 0x000000072b200000| Untracked 
| 108|0x000000072b400000, 0x000000072b600000, 0x000000072b600000|100%| O|  |TAMS 0x000000072b600000, 0x000000072b400000| Untracked 
| 109|0x000000072b600000, 0x000000072b800000, 0x000000072b800000|100%| O|  |TAMS 0x000000072b800000, 0x000000072b600000| Untracked 
| 110|0x000000072b800000, 0x000000072ba00000, 0x000000072ba00000|100%| O|  |TAMS 0x000000072ba00000, 0x000000072b800000| Untracked 
| 111|0x000000072ba00000, 0x000000072bc00000, 0x000000072bc00000|100%| O|  |TAMS 0x000000072bc00000, 0x000000072ba00000| Untracked 
| 112|0x000000072bc00000, 0x000000072be00000, 0x000000072be00000|100%| O|  |TAMS 0x000000072be00000, 0x000000072bc00000| Untracked 
| 113|0x000000072be00000, 0x000000072c000000, 0x000000072c000000|100%| O|  |TAMS 0x000000072c000000, 0x000000072be00000| Untracked 
| 114|0x000000072c000000, 0x000000072c200000, 0x000000072c200000|100%| O|  |TAMS 0x000000072c200000, 0x000000072c000000| Untracked 
| 115|0x000000072c200000, 0x000000072c400000, 0x000000072c400000|100%| O|  |TAMS 0x000000072c400000, 0x000000072c200000| Untracked 
| 116|0x000000072c400000, 0x000000072c600000, 0x000000072c600000|100%| O|  |TAMS 0x000000072c600000, 0x000000072c400000| Updating 
| 117|0x000000072c600000, 0x000000072c800000, 0x000000072c800000|100%| O|  |TAMS 0x000000072c800000, 0x000000072c600000| Updating 
| 118|0x000000072c800000, 0x000000072ca00000, 0x000000072ca00000|100%| O|  |TAMS 0x000000072ca00000, 0x000000072c800000| Untracked 
| 119|0x000000072ca00000, 0x000000072cc00000, 0x000000072cc00000|100%| O|  |TAMS 0x000000072cc00000, 0x000000072ca00000| Untracked 
| 120|0x000000072cc00000, 0x000000072ce00000, 0x000000072ce00000|100%| O|  |TAMS 0x000000072ce00000, 0x000000072cc00000| Untracked 
| 121|0x000000072ce00000, 0x000000072d000000, 0x000000072d000000|100%| O|  |TAMS 0x000000072d000000, 0x000000072ce00000| Untracked 
| 122|0x000000072d000000, 0x000000072d200000, 0x000000072d200000|100%| O|  |TAMS 0x000000072d200000, 0x000000072d000000| Untracked 
| 123|0x000000072d200000, 0x000000072d400000, 0x000000072d400000|100%| O|  |TAMS 0x000000072d400000, 0x000000072d200000| Untracked 
| 124|0x000000072d400000, 0x000000072d600000, 0x000000072d600000|100%| O|  |TAMS 0x000000072d600000, 0x000000072d400000| Untracked 
| 125|0x000000072d600000, 0x000000072d800000, 0x000000072d800000|100%| O|  |TAMS 0x000000072d800000, 0x000000072d600000| Untracked 
| 126|0x000000072d800000, 0x000000072da00000, 0x000000072da00000|100%| O|  |TAMS 0x000000072da00000, 0x000000072d800000| Updating 
| 127|0x000000072da00000, 0x000000072dc00000, 0x000000072dc00000|100%| O|  |TAMS 0x000000072dc00000, 0x000000072da00000| Untracked 
| 128|0x000000072dc00000, 0x000000072de00000, 0x000000072de00000|100%| O|  |TAMS 0x000000072de00000, 0x000000072dc00000| Updating 
| 129|0x000000072de00000, 0x000000072e000000, 0x000000072e000000|100%| O|  |TAMS 0x000000072e000000, 0x000000072de00000| Updating 
| 130|0x000000072e000000, 0x000000072e200000, 0x000000072e200000|100%| O|  |TAMS 0x000000072e200000, 0x000000072e000000| Untracked 
| 131|0x000000072e200000, 0x000000072e400000, 0x000000072e400000|100%| O|  |TAMS 0x000000072e400000, 0x000000072e200000| Untracked 
| 132|0x000000072e400000, 0x000000072e600000, 0x000000072e600000|100%| O|  |TAMS 0x000000072e600000, 0x000000072e400000| Untracked 
| 133|0x000000072e600000, 0x000000072e800000, 0x000000072e800000|100%| O|  |TAMS 0x000000072e800000, 0x000000072e600000| Untracked 
| 134|0x000000072e800000, 0x000000072ea00000, 0x000000072ea00000|100%| O|  |TAMS 0x000000072ea00000, 0x000000072e800000| Untracked 
| 135|0x000000072ea00000, 0x000000072ec00000, 0x000000072ec00000|100%| O|  |TAMS 0x000000072ec00000, 0x000000072ea00000| Untracked 
| 136|0x000000072ec00000, 0x000000072ee00000, 0x000000072ee00000|100%| O|  |TAMS 0x000000072ee00000, 0x000000072ec00000| Untracked 
| 137|0x000000072ee00000, 0x000000072f000000, 0x000000072f000000|100%| O|  |TAMS 0x000000072f000000, 0x000000072ee00000| Untracked 
| 138|0x000000072f000000, 0x000000072f200000, 0x000000072f200000|100%| O|  |TAMS 0x000000072f200000, 0x000000072f000000| Untracked 
| 139|0x000000072f200000, 0x000000072f400000, 0x000000072f400000|100%| O|  |TAMS 0x000000072f400000, 0x000000072f200000| Untracked 
| 140|0x000000072f400000, 0x000000072f600000, 0x000000072f600000|100%| O|  |TAMS 0x000000072f600000, 0x000000072f400000| Untracked 
| 141|0x000000072f600000, 0x000000072f800000, 0x000000072f800000|100%| O|  |TAMS 0x000000072f800000, 0x000000072f600000| Updating 
| 142|0x000000072f800000, 0x000000072fa00000, 0x000000072fa00000|100%| O|  |TAMS 0x000000072fa00000, 0x000000072f800000| Untracked 
| 143|0x000000072fa00000, 0x000000072fc00000, 0x000000072fc00000|100%| O|  |TAMS 0x000000072fc00000, 0x000000072fa00000| Untracked 
| 144|0x000000072fc00000, 0x000000072fe00000, 0x000000072fe00000|100%| O|  |TAMS 0x000000072fe00000, 0x000000072fc00000| Untracked 
| 145|0x000000072fe00000, 0x0000000730000000, 0x0000000730000000|100%| O|  |TAMS 0x0000000730000000, 0x000000072fe00000| Updating 
| 146|0x0000000730000000, 0x0000000730200000, 0x0000000730200000|100%| O|  |TAMS 0x0000000730200000, 0x0000000730000000| Untracked 
| 147|0x0000000730200000, 0x0000000730400000, 0x0000000730400000|100%| O|  |TAMS 0x0000000730400000, 0x0000000730200000| Untracked 
| 148|0x0000000730400000, 0x0000000730600000, 0x0000000730600000|100%| O|  |TAMS 0x0000000730600000, 0x0000000730400000| Untracked 
| 149|0x0000000730600000, 0x0000000730800000, 0x0000000730800000|100%| O|  |TAMS 0x0000000730800000, 0x0000000730600000| Untracked 
| 150|0x0000000730800000, 0x0000000730a00000, 0x0000000730a00000|100%| O|  |TAMS 0x0000000730a00000, 0x0000000730800000| Untracked 
| 151|0x0000000730a00000, 0x0000000730c00000, 0x0000000730c00000|100%| O|  |TAMS 0x0000000730c00000, 0x0000000730a00000| Untracked 
| 152|0x0000000730c00000, 0x0000000730e00000, 0x0000000730e00000|100%| O|  |TAMS 0x0000000730e00000, 0x0000000730c00000| Untracked 
| 153|0x0000000730e00000, 0x0000000731000000, 0x0000000731000000|100%| O|  |TAMS 0x0000000731000000, 0x0000000730e00000| Untracked 
| 154|0x0000000731000000, 0x0000000731200000, 0x0000000731200000|100%| O|  |TAMS 0x0000000731200000, 0x0000000731000000| Untracked 
| 155|0x0000000731200000, 0x0000000731400000, 0x0000000731400000|100%| O|  |TAMS 0x0000000731400000, 0x0000000731200000| Untracked 
| 156|0x0000000731400000, 0x0000000731600000, 0x0000000731600000|100%| O|  |TAMS 0x0000000731600000, 0x0000000731400000| Updating 
| 157|0x0000000731600000, 0x0000000731800000, 0x0000000731800000|100%| O|  |TAMS 0x0000000731800000, 0x0000000731600000| Updating 
| 158|0x0000000731800000, 0x0000000731a00000, 0x0000000731a00000|100%| O|  |TAMS 0x0000000731a00000, 0x0000000731800000| Untracked 
| 159|0x0000000731a00000, 0x0000000731c00000, 0x0000000731c00000|100%| O|  |TAMS 0x0000000731c00000, 0x0000000731a00000| Untracked 
| 160|0x0000000731c00000, 0x0000000731e00000, 0x0000000731e00000|100%| O|  |TAMS 0x0000000731e00000, 0x0000000731c00000| Untracked 
| 161|0x0000000731e00000, 0x0000000732000000, 0x0000000732000000|100%| O|  |TAMS 0x0000000732000000, 0x0000000731e00000| Untracked 
| 162|0x0000000732000000, 0x0000000732200000, 0x0000000732200000|100%| O|  |TAMS 0x0000000732200000, 0x0000000732000000| Untracked 
| 163|0x0000000732200000, 0x0000000732400000, 0x0000000732400000|100%| O|  |TAMS 0x0000000732400000, 0x0000000732200000| Untracked 
| 164|0x0000000732400000, 0x0000000732600000, 0x0000000732600000|100%| O|  |TAMS 0x0000000732600000, 0x0000000732400000| Untracked 
| 165|0x0000000732600000, 0x0000000732800000, 0x0000000732800000|100%| O|  |TAMS 0x0000000732800000, 0x0000000732600000| Untracked 
| 166|0x0000000732800000, 0x0000000732a00000, 0x0000000732a00000|100%| O|  |TAMS 0x0000000732a00000, 0x0000000732800000| Untracked 
| 167|0x0000000732a00000, 0x0000000732c00000, 0x0000000732c00000|100%| O|  |TAMS 0x0000000732c00000, 0x0000000732a00000| Untracked 
| 168|0x0000000732c00000, 0x0000000732e00000, 0x0000000732e00000|100%| O|  |TAMS 0x0000000732e00000, 0x0000000732c00000| Untracked 
| 169|0x0000000732e00000, 0x0000000733000000, 0x0000000733000000|100%| O|  |TAMS 0x0000000733000000, 0x0000000732e00000| Untracked 
| 170|0x0000000733000000, 0x0000000733200000, 0x0000000733200000|100%| O|  |TAMS 0x0000000733200000, 0x0000000733000000| Untracked 
| 171|0x0000000733200000, 0x0000000733400000, 0x0000000733400000|100%| O|  |TAMS 0x0000000733400000, 0x0000000733200000| Untracked 
| 172|0x0000000733400000, 0x0000000733600000, 0x0000000733600000|100%| O|  |TAMS 0x0000000733600000, 0x0000000733400000| Untracked 
| 173|0x0000000733600000, 0x0000000733800000, 0x0000000733800000|100%| O|  |TAMS 0x0000000733800000, 0x0000000733600000| Untracked 
| 174|0x0000000733800000, 0x0000000733a00000, 0x0000000733a00000|100%| O|  |TAMS 0x0000000733a00000, 0x0000000733800000| Untracked 
| 175|0x0000000733a00000, 0x0000000733c00000, 0x0000000733c00000|100%| O|  |TAMS 0x0000000733c00000, 0x0000000733a00000| Updating 
| 176|0x0000000733c00000, 0x0000000733e00000, 0x0000000733e00000|100%| O|  |TAMS 0x0000000733e00000, 0x0000000733c00000| Untracked 
| 177|0x0000000733e00000, 0x0000000734000000, 0x0000000734000000|100%| O|  |TAMS 0x0000000734000000, 0x0000000733e00000| Untracked 
| 178|0x0000000734000000, 0x0000000734200000, 0x0000000734200000|100%| O|  |TAMS 0x0000000734200000, 0x0000000734000000| Updating 
| 179|0x0000000734200000, 0x0000000734400000, 0x0000000734400000|100%| O|  |TAMS 0x0000000734400000, 0x0000000734200000| Updating 
| 180|0x0000000734400000, 0x0000000734600000, 0x0000000734600000|100%| O|  |TAMS 0x0000000734600000, 0x0000000734400000| Untracked 
| 181|0x0000000734600000, 0x0000000734800000, 0x0000000734800000|100%| O|  |TAMS 0x0000000734800000, 0x0000000734600000| Untracked 
| 182|0x0000000734800000, 0x0000000734a00000, 0x0000000734a00000|100%| O|  |TAMS 0x0000000734a00000, 0x0000000734800000| Untracked 
| 183|0x0000000734a00000, 0x0000000734c00000, 0x0000000734c00000|100%| O|  |TAMS 0x0000000734c00000, 0x0000000734a00000| Untracked 
| 184|0x0000000734c00000, 0x0000000734e00000, 0x0000000734e00000|100%| O|  |TAMS 0x0000000734e00000, 0x0000000734c00000| Untracked 
| 185|0x0000000734e00000, 0x0000000735000000, 0x0000000735000000|100%| O|  |TAMS 0x0000000735000000, 0x0000000734e00000| Untracked 
| 186|0x0000000735000000, 0x0000000735200000, 0x0000000735200000|100%| O|  |TAMS 0x0000000735200000, 0x0000000735000000| Untracked 
| 187|0x0000000735200000, 0x0000000735400000, 0x0000000735400000|100%| O|  |TAMS 0x0000000735400000, 0x0000000735200000| Untracked 
| 188|0x0000000735400000, 0x0000000735600000, 0x0000000735600000|100%| O|  |TAMS 0x0000000735600000, 0x0000000735400000| Untracked 
| 189|0x0000000735600000, 0x0000000735800000, 0x0000000735800000|100%| O|  |TAMS 0x0000000735800000, 0x0000000735600000| Untracked 
| 190|0x0000000735800000, 0x0000000735a00000, 0x0000000735a00000|100%| O|  |TAMS 0x0000000735a00000, 0x0000000735800000| Untracked 
| 191|0x0000000735a00000, 0x0000000735c00000, 0x0000000735c00000|100%| O|  |TAMS 0x0000000735c00000, 0x0000000735a00000| Untracked 
| 192|0x0000000735c00000, 0x0000000735e00000, 0x0000000735e00000|100%| O|  |TAMS 0x0000000735e00000, 0x0000000735c00000| Untracked 
| 193|0x0000000735e00000, 0x0000000736000000, 0x0000000736000000|100%| O|  |TAMS 0x0000000736000000, 0x0000000735e00000| Untracked 
| 194|0x0000000736000000, 0x0000000736200000, 0x0000000736200000|100%| O|  |TAMS 0x0000000736200000, 0x0000000736000000| Untracked 
| 195|0x0000000736200000, 0x0000000736400000, 0x0000000736400000|100%| O|  |TAMS 0x0000000736400000, 0x0000000736200000| Untracked 
| 196|0x0000000736400000, 0x0000000736600000, 0x0000000736600000|100%| O|  |TAMS 0x0000000736600000, 0x0000000736400000| Updating 
| 197|0x0000000736600000, 0x0000000736800000, 0x0000000736800000|100%| O|  |TAMS 0x0000000736800000, 0x0000000736600000| Updating 
| 198|0x0000000736800000, 0x0000000736a00000, 0x0000000736a00000|100%| O|  |TAMS 0x0000000736a00000, 0x0000000736800000| Untracked 
| 199|0x0000000736a00000, 0x0000000736c00000, 0x0000000736c00000|100%| O|  |TAMS 0x0000000736c00000, 0x0000000736a00000| Untracked 
| 200|0x0000000736c00000, 0x0000000736e00000, 0x0000000736e00000|100%| O|  |TAMS 0x0000000736e00000, 0x0000000736c00000| Untracked 
| 201|0x0000000736e00000, 0x0000000737000000, 0x0000000737000000|100%| O|  |TAMS 0x0000000737000000, 0x0000000736e00000| Untracked 
| 202|0x0000000737000000, 0x0000000737200000, 0x0000000737200000|100%| O|  |TAMS 0x0000000737200000, 0x0000000737000000| Updating 
| 203|0x0000000737200000, 0x0000000737400000, 0x0000000737400000|100%| O|  |TAMS 0x0000000737400000, 0x0000000737200000| Updating 
| 204|0x0000000737400000, 0x0000000737600000, 0x0000000737600000|100%| O|  |TAMS 0x0000000737600000, 0x0000000737400000| Untracked 
| 205|0x0000000737600000, 0x0000000737800000, 0x0000000737800000|100%| O|  |TAMS 0x0000000737800000, 0x0000000737600000| Untracked 
| 206|0x0000000737800000, 0x0000000737a00000, 0x0000000737a00000|100%| O|  |TAMS 0x0000000737a00000, 0x0000000737800000| Untracked 
| 207|0x0000000737a00000, 0x0000000737c00000, 0x0000000737c00000|100%| O|  |TAMS 0x0000000737c00000, 0x0000000737a00000| Untracked 
| 208|0x0000000737c00000, 0x0000000737e00000, 0x0000000737e00000|100%| O|  |TAMS 0x0000000737e00000, 0x0000000737c00000| Untracked 
| 209|0x0000000737e00000, 0x0000000738000000, 0x0000000738000000|100%| O|  |TAMS 0x0000000738000000, 0x0000000737e00000| Untracked 
| 210|0x0000000738000000, 0x0000000738200000, 0x0000000738200000|100%| O|  |TAMS 0x0000000738200000, 0x0000000738000000| Untracked 
| 211|0x0000000738200000, 0x0000000738400000, 0x0000000738400000|100%| O|  |TAMS 0x0000000738400000, 0x0000000738200000| Untracked 
| 212|0x0000000738400000, 0x0000000738600000, 0x0000000738600000|100%| O|  |TAMS 0x0000000738600000, 0x0000000738400000| Untracked 
| 213|0x0000000738600000, 0x0000000738800000, 0x0000000738800000|100%| O|  |TAMS 0x0000000738800000, 0x0000000738600000| Untracked 
| 214|0x0000000738800000, 0x0000000738a00000, 0x0000000738a00000|100%| O|  |TAMS 0x0000000738a00000, 0x0000000738800000| Untracked 
| 215|0x0000000738a00000, 0x0000000738c00000, 0x0000000738c00000|100%| O|  |TAMS 0x0000000738c00000, 0x0000000738a00000| Untracked 
| 216|0x0000000738c00000, 0x0000000738e00000, 0x0000000738e00000|100%| O|  |TAMS 0x0000000738e00000, 0x0000000738c00000| Untracked 
| 217|0x0000000738e00000, 0x0000000739000000, 0x0000000739000000|100%| O|  |TAMS 0x0000000739000000, 0x0000000738e00000| Untracked 
| 218|0x0000000739000000, 0x0000000739200000, 0x0000000739200000|100%| O|  |TAMS 0x0000000739200000, 0x0000000739000000| Updating 
| 219|0x0000000739200000, 0x0000000739400000, 0x0000000739400000|100%| O|  |TAMS 0x0000000739400000, 0x0000000739200000| Untracked 
| 220|0x0000000739400000, 0x0000000739600000, 0x0000000739600000|100%| O|  |TAMS 0x0000000739600000, 0x0000000739400000| Updating 
| 221|0x0000000739600000, 0x0000000739800000, 0x0000000739800000|100%| O|  |TAMS 0x0000000739800000, 0x0000000739600000| Untracked 
| 222|0x0000000739800000, 0x0000000739a00000, 0x0000000739a00000|100%| O|  |TAMS 0x0000000739a00000, 0x0000000739800000| Updating 
| 223|0x0000000739a00000, 0x0000000739c00000, 0x0000000739c00000|100%| O|  |TAMS 0x0000000739c00000, 0x0000000739a00000| Untracked 
| 224|0x0000000739c00000, 0x0000000739e00000, 0x0000000739e00000|100%| O|  |TAMS 0x0000000739e00000, 0x0000000739c00000| Untracked 
| 225|0x0000000739e00000, 0x000000073a000000, 0x000000073a000000|100%| O|  |TAMS 0x000000073a000000, 0x0000000739e00000| Untracked 
| 226|0x000000073a000000, 0x000000073a200000, 0x000000073a200000|100%| O|  |TAMS 0x000000073a200000, 0x000000073a000000| Updating 
| 227|0x000000073a200000, 0x000000073a400000, 0x000000073a400000|100%| O|  |TAMS 0x000000073a400000, 0x000000073a200000| Updating 
| 228|0x000000073a400000, 0x000000073a600000, 0x000000073a600000|100%| O|  |TAMS 0x000000073a600000, 0x000000073a400000| Untracked 
| 229|0x000000073a600000, 0x000000073a800000, 0x000000073a800000|100%| O|  |TAMS 0x000000073a800000, 0x000000073a600000| Untracked 
| 230|0x000000073a800000, 0x000000073aa00000, 0x000000073aa00000|100%| O|  |TAMS 0x000000073aa00000, 0x000000073a800000| Untracked 
| 231|0x000000073aa00000, 0x000000073ac00000, 0x000000073ac00000|100%| O|  |TAMS 0x000000073ac00000, 0x000000073aa00000| Untracked 
| 232|0x000000073ac00000, 0x000000073ae00000, 0x000000073ae00000|100%| O|  |TAMS 0x000000073ae00000, 0x000000073ac00000| Untracked 
| 233|0x000000073ae00000, 0x000000073b000000, 0x000000073b000000|100%| O|  |TAMS 0x000000073b000000, 0x000000073ae00000| Untracked 
| 234|0x000000073b000000, 0x000000073b200000, 0x000000073b200000|100%| O|  |TAMS 0x000000073b200000, 0x000000073b000000| Updating 
| 235|0x000000073b200000, 0x000000073b400000, 0x000000073b400000|100%| O|  |TAMS 0x000000073b400000, 0x000000073b200000| Updating 
| 236|0x000000073b400000, 0x000000073b600000, 0x000000073b600000|100%| O|  |TAMS 0x000000073b600000, 0x000000073b400000| Untracked 
| 237|0x000000073b600000, 0x000000073b800000, 0x000000073b800000|100%| O|  |TAMS 0x000000073b800000, 0x000000073b600000| Untracked 
| 238|0x000000073b800000, 0x000000073ba00000, 0x000000073ba00000|100%| O|  |TAMS 0x000000073ba00000, 0x000000073b800000| Untracked 
| 239|0x000000073ba00000, 0x000000073bc00000, 0x000000073bc00000|100%| O|  |TAMS 0x000000073bc00000, 0x000000073ba00000| Untracked 
| 240|0x000000073bc00000, 0x000000073be00000, 0x000000073be00000|100%| O|  |TAMS 0x000000073be00000, 0x000000073bc00000| Untracked 
| 241|0x000000073be00000, 0x000000073c000000, 0x000000073c000000|100%| O|  |TAMS 0x000000073c000000, 0x000000073be00000| Updating 
| 242|0x000000073c000000, 0x000000073c200000, 0x000000073c200000|100%| O|  |TAMS 0x000000073c200000, 0x000000073c000000| Updating 
| 243|0x000000073c200000, 0x000000073c400000, 0x000000073c400000|100%| O|  |TAMS 0x000000073c400000, 0x000000073c200000| Untracked 
| 244|0x000000073c400000, 0x000000073c600000, 0x000000073c600000|100%| O|  |TAMS 0x000000073c600000, 0x000000073c400000| Untracked 
| 245|0x000000073c600000, 0x000000073c800000, 0x000000073c800000|100%| O|  |TAMS 0x000000073c800000, 0x000000073c600000| Untracked 
| 246|0x000000073c800000, 0x000000073ca00000, 0x000000073ca00000|100%| O|  |TAMS 0x000000073ca00000, 0x000000073c800000| Untracked 
| 247|0x000000073ca00000, 0x000000073cc00000, 0x000000073cc00000|100%| O|  |TAMS 0x000000073cc00000, 0x000000073ca00000| Untracked 
| 248|0x000000073cc00000, 0x000000073ce00000, 0x000000073ce00000|100%| O|  |TAMS 0x000000073ce00000, 0x000000073cc00000| Updating 
| 249|0x000000073ce00000, 0x000000073d000000, 0x000000073d000000|100%| O|  |TAMS 0x000000073d000000, 0x000000073ce00000| Untracked 
| 250|0x000000073d000000, 0x000000073d200000, 0x000000073d200000|100%| O|  |TAMS 0x000000073d200000, 0x000000073d000000| Untracked 
| 251|0x000000073d200000, 0x000000073d400000, 0x000000073d400000|100%| O|  |TAMS 0x000000073d400000, 0x000000073d200000| Untracked 
| 252|0x000000073d400000, 0x000000073d600000, 0x000000073d600000|100%| O|  |TAMS 0x000000073d600000, 0x000000073d400000| Untracked 
| 253|0x000000073d600000, 0x000000073d800000, 0x000000073d800000|100%| O|  |TAMS 0x000000073d800000, 0x000000073d600000| Untracked 
| 254|0x000000073d800000, 0x000000073da00000, 0x000000073da00000|100%| O|  |TAMS 0x000000073da00000, 0x000000073d800000| Updating 
| 255|0x000000073da00000, 0x000000073dc00000, 0x000000073dc00000|100%| O|  |TAMS 0x000000073dc00000, 0x000000073da00000| Untracked 
| 256|0x000000073dc00000, 0x000000073de00000, 0x000000073de00000|100%| O|  |TAMS 0x000000073de00000, 0x000000073dc00000| Untracked 
| 257|0x000000073de00000, 0x000000073e000000, 0x000000073e000000|100%| O|  |TAMS 0x000000073e000000, 0x000000073de00000| Untracked 
| 258|0x000000073e000000, 0x000000073e200000, 0x000000073e200000|100%| O|  |TAMS 0x000000073e200000, 0x000000073e000000| Untracked 
| 259|0x000000073e200000, 0x000000073e400000, 0x000000073e400000|100%| O|  |TAMS 0x000000073e400000, 0x000000073e200000| Untracked 
| 260|0x000000073e400000, 0x000000073e600000, 0x000000073e600000|100%| O|  |TAMS 0x000000073e600000, 0x000000073e400000| Updating 
| 261|0x000000073e600000, 0x000000073e800000, 0x000000073e800000|100%| O|  |TAMS 0x000000073e800000, 0x000000073e600000| Untracked 
| 262|0x000000073e800000, 0x000000073ea00000, 0x000000073ea00000|100%| O|  |TAMS 0x000000073ea00000, 0x000000073e800000| Untracked 
| 263|0x000000073ea00000, 0x000000073ec00000, 0x000000073ec00000|100%| O|  |TAMS 0x000000073ec00000, 0x000000073ea00000| Untracked 
| 264|0x000000073ec00000, 0x000000073ee00000, 0x000000073ee00000|100%| O|  |TAMS 0x000000073ee00000, 0x000000073ec00000| Untracked 
| 265|0x000000073ee00000, 0x000000073f000000, 0x000000073f000000|100%| O|  |TAMS 0x000000073f000000, 0x000000073ee00000| Updating 
| 266|0x000000073f000000, 0x000000073f200000, 0x000000073f200000|100%| O|  |TAMS 0x000000073f200000, 0x000000073f000000| Untracked 
| 267|0x000000073f200000, 0x000000073f400000, 0x000000073f400000|100%| O|  |TAMS 0x000000073f400000, 0x000000073f200000| Untracked 
| 268|0x000000073f400000, 0x000000073f600000, 0x000000073f600000|100%| O|  |TAMS 0x000000073f600000, 0x000000073f400000| Untracked 
| 269|0x000000073f600000, 0x000000073f800000, 0x000000073f800000|100%| O|  |TAMS 0x000000073f800000, 0x000000073f600000| Updating 
| 270|0x000000073f800000, 0x000000073fa00000, 0x000000073fa00000|100%| O|  |TAMS 0x000000073fa00000, 0x000000073f800000| Updating 
| 271|0x000000073fa00000, 0x000000073fc00000, 0x000000073fc00000|100%| O|  |TAMS 0x000000073fc00000, 0x000000073fa00000| Untracked 
| 272|0x000000073fc00000, 0x000000073fe00000, 0x000000073fe00000|100%| O|  |TAMS 0x000000073fe00000, 0x000000073fc00000| Untracked 
| 273|0x000000073fe00000, 0x0000000740000000, 0x0000000740000000|100%| O|  |TAMS 0x0000000740000000, 0x000000073fe00000| Untracked 
| 274|0x0000000740000000, 0x0000000740200000, 0x0000000740200000|100%| O|  |TAMS 0x0000000740200000, 0x0000000740000000| Updating 
| 275|0x0000000740200000, 0x0000000740400000, 0x0000000740400000|100%| O|  |TAMS 0x0000000740400000, 0x0000000740200000| Untracked 
| 276|0x0000000740400000, 0x0000000740600000, 0x0000000740600000|100%| O|  |TAMS 0x0000000740600000, 0x0000000740400000| Untracked 
| 277|0x0000000740600000, 0x0000000740800000, 0x0000000740800000|100%| O|  |TAMS 0x0000000740800000, 0x0000000740600000| Untracked 
| 278|0x0000000740800000, 0x0000000740a00000, 0x0000000740a00000|100%| O|  |TAMS 0x0000000740a00000, 0x0000000740800000| Updating 
| 279|0x0000000740a00000, 0x0000000740c00000, 0x0000000740c00000|100%| O|  |TAMS 0x0000000740c00000, 0x0000000740a00000| Updating 
| 280|0x0000000740c00000, 0x0000000740e00000, 0x0000000740e00000|100%| O|  |TAMS 0x0000000740e00000, 0x0000000740c00000| Untracked 
| 281|0x0000000740e00000, 0x0000000741000000, 0x0000000741000000|100%| O|  |TAMS 0x0000000741000000, 0x0000000740e00000| Untracked 
| 282|0x0000000741000000, 0x0000000741200000, 0x0000000741200000|100%| O|  |TAMS 0x0000000741200000, 0x0000000741000000| Updating 
| 283|0x0000000741200000, 0x0000000741400000, 0x0000000741400000|100%| O|  |TAMS 0x0000000741400000, 0x0000000741200000| Updating 
| 284|0x0000000741400000, 0x0000000741600000, 0x0000000741600000|100%| O|  |TAMS 0x0000000741600000, 0x0000000741400000| Untracked 
| 285|0x0000000741600000, 0x0000000741800000, 0x0000000741800000|100%| O|  |TAMS 0x0000000741800000, 0x0000000741600000| Untracked 
| 286|0x0000000741800000, 0x0000000741a00000, 0x0000000741a00000|100%| O|  |TAMS 0x0000000741a00000, 0x0000000741800000| Updating 
| 287|0x0000000741a00000, 0x0000000741c00000, 0x0000000741c00000|100%| O|  |TAMS 0x0000000741c00000, 0x0000000741a00000| Untracked 
| 288|0x0000000741c00000, 0x0000000741e00000, 0x0000000741e00000|100%| O|  |TAMS 0x0000000741e00000, 0x0000000741c00000| Untracked 
| 289|0x0000000741e00000, 0x0000000742000000, 0x0000000742000000|100%| O|  |TAMS 0x0000000742000000, 0x0000000741e00000| Updating 
| 290|0x0000000742000000, 0x0000000742200000, 0x0000000742200000|100%| O|  |TAMS 0x0000000742200000, 0x0000000742000000| Untracked 
| 291|0x0000000742200000, 0x0000000742400000, 0x0000000742400000|100%| O|  |TAMS 0x0000000742400000, 0x0000000742200000| Untracked 
| 292|0x0000000742400000, 0x0000000742600000, 0x0000000742600000|100%| O|  |TAMS 0x0000000742600000, 0x0000000742400000| Updating 
| 293|0x0000000742600000, 0x0000000742800000, 0x0000000742800000|100%| O|  |TAMS 0x0000000742800000, 0x0000000742600000| Updating 
| 294|0x0000000742800000, 0x0000000742a00000, 0x0000000742a00000|100%| O|  |TAMS 0x0000000742a00000, 0x0000000742800000| Untracked 
| 295|0x0000000742a00000, 0x0000000742c00000, 0x0000000742c00000|100%| O|  |TAMS 0x0000000742c00000, 0x0000000742a00000| Untracked 
| 296|0x0000000742c00000, 0x0000000742e00000, 0x0000000742e00000|100%| O|  |TAMS 0x0000000742e00000, 0x0000000742c00000| Untracked 
| 297|0x0000000742e00000, 0x0000000743000000, 0x0000000743000000|100%| O|  |TAMS 0x0000000743000000, 0x0000000742e00000| Untracked 
| 298|0x0000000743000000, 0x0000000743200000, 0x0000000743200000|100%| O|  |TAMS 0x0000000743200000, 0x0000000743000000| Untracked 
| 299|0x0000000743200000, 0x0000000743400000, 0x0000000743400000|100%| O|  |TAMS 0x0000000743400000, 0x0000000743200000| Updating 
| 300|0x0000000743400000, 0x0000000743600000, 0x0000000743600000|100%| O|  |TAMS 0x0000000743600000, 0x0000000743400000| Untracked 
| 301|0x0000000743600000, 0x0000000743800000, 0x0000000743800000|100%| O|  |TAMS 0x0000000743800000, 0x0000000743600000| Untracked 
| 302|0x0000000743800000, 0x0000000743a00000, 0x0000000743a00000|100%| O|  |TAMS 0x0000000743a00000, 0x0000000743800000| Updating 
| 303|0x0000000743a00000, 0x0000000743c00000, 0x0000000743c00000|100%| O|  |TAMS 0x0000000743c00000, 0x0000000743a00000| Untracked 
| 304|0x0000000743c00000, 0x0000000743e00000, 0x0000000743e00000|100%| O|  |TAMS 0x0000000743e00000, 0x0000000743c00000| Untracked 
| 305|0x0000000743e00000, 0x0000000744000000, 0x0000000744000000|100%| O|  |TAMS 0x0000000744000000, 0x0000000743e00000| Updating 
| 306|0x0000000744000000, 0x0000000744200000, 0x0000000744200000|100%| O|  |TAMS 0x0000000744200000, 0x0000000744000000| Untracked 
| 307|0x0000000744200000, 0x0000000744400000, 0x0000000744400000|100%| O|  |TAMS 0x0000000744400000, 0x0000000744200000| Untracked 
| 308|0x0000000744400000, 0x0000000744600000, 0x0000000744600000|100%| O|  |TAMS 0x0000000744600000, 0x0000000744400000| Untracked 
| 309|0x0000000744600000, 0x0000000744800000, 0x0000000744800000|100%| O|  |TAMS 0x0000000744800000, 0x0000000744600000| Untracked 
| 310|0x0000000744800000, 0x0000000744a00000, 0x0000000744a00000|100%| O|  |TAMS 0x0000000744a00000, 0x0000000744800000| Untracked 
| 311|0x0000000744a00000, 0x0000000744c00000, 0x0000000744c00000|100%| O|  |TAMS 0x0000000744c00000, 0x0000000744a00000| Untracked 
| 312|0x0000000744c00000, 0x0000000744e00000, 0x0000000744e00000|100%| O|  |TAMS 0x0000000744e00000, 0x0000000744c00000| Untracked 
| 313|0x0000000744e00000, 0x0000000745000000, 0x0000000745000000|100%| O|  |TAMS 0x0000000745000000, 0x0000000744e00000| Untracked 
| 314|0x0000000745000000, 0x0000000745200000, 0x0000000745200000|100%| O|  |TAMS 0x0000000745200000, 0x0000000745000000| Untracked 
| 315|0x0000000745200000, 0x0000000745400000, 0x0000000745400000|100%| O|  |TAMS 0x0000000745400000, 0x0000000745200000| Untracked 
| 316|0x0000000745400000, 0x0000000745600000, 0x0000000745600000|100%| O|  |TAMS 0x0000000745600000, 0x0000000745400000| Untracked 
| 317|0x0000000745600000, 0x0000000745800000, 0x0000000745800000|100%| O|  |TAMS 0x0000000745800000, 0x0000000745600000| Untracked 
| 318|0x0000000745800000, 0x0000000745a00000, 0x0000000745a00000|100%| O|  |TAMS 0x0000000745a00000, 0x0000000745800000| Untracked 
| 319|0x0000000745a00000, 0x0000000745c00000, 0x0000000745c00000|100%| O|  |TAMS 0x0000000745c00000, 0x0000000745a00000| Untracked 
| 320|0x0000000745c00000, 0x0000000745e00000, 0x0000000745e00000|100%| O|  |TAMS 0x0000000745e00000, 0x0000000745c00000| Untracked 
| 321|0x0000000745e00000, 0x0000000746000000, 0x0000000746000000|100%| O|  |TAMS 0x0000000746000000, 0x0000000745e00000| Untracked 
| 322|0x0000000746000000, 0x0000000746200000, 0x0000000746200000|100%| O|  |TAMS 0x0000000746200000, 0x0000000746000000| Untracked 
| 323|0x0000000746200000, 0x0000000746400000, 0x0000000746400000|100%| O|  |TAMS 0x0000000746400000, 0x0000000746200000| Untracked 
| 324|0x0000000746400000, 0x0000000746600000, 0x0000000746600000|100%| O|  |TAMS 0x0000000746600000, 0x0000000746400000| Untracked 
| 325|0x0000000746600000, 0x0000000746800000, 0x0000000746800000|100%| O|  |TAMS 0x0000000746800000, 0x0000000746600000| Untracked 
| 326|0x0000000746800000, 0x0000000746a00000, 0x0000000746a00000|100%| O|  |TAMS 0x0000000746a00000, 0x0000000746800000| Updating 
| 327|0x0000000746a00000, 0x0000000746c00000, 0x0000000746c00000|100%| O|  |TAMS 0x0000000746c00000, 0x0000000746a00000| Untracked 
| 328|0x0000000746c00000, 0x0000000746e00000, 0x0000000746e00000|100%| O|  |TAMS 0x0000000746e00000, 0x0000000746c00000| Untracked 
| 329|0x0000000746e00000, 0x0000000747000000, 0x0000000747000000|100%| O|  |TAMS 0x0000000747000000, 0x0000000746e00000| Updating 
| 330|0x0000000747000000, 0x0000000747200000, 0x0000000747200000|100%| O|  |TAMS 0x0000000747200000, 0x0000000747000000| Untracked 
| 331|0x0000000747200000, 0x0000000747400000, 0x0000000747400000|100%| O|  |TAMS 0x0000000747400000, 0x0000000747200000| Untracked 
| 332|0x0000000747400000, 0x0000000747600000, 0x0000000747600000|100%| O|  |TAMS 0x0000000747600000, 0x0000000747400000| Untracked 
| 333|0x0000000747600000, 0x0000000747800000, 0x0000000747800000|100%| O|  |TAMS 0x0000000747800000, 0x0000000747600000| Untracked 
| 334|0x0000000747800000, 0x0000000747a00000, 0x0000000747a00000|100%| O|  |TAMS 0x0000000747a00000, 0x0000000747800000| Untracked 
| 335|0x0000000747a00000, 0x0000000747c00000, 0x0000000747c00000|100%| O|  |TAMS 0x0000000747c00000, 0x0000000747a00000| Untracked 
| 336|0x0000000747c00000, 0x0000000747e00000, 0x0000000747e00000|100%| O|  |TAMS 0x0000000747e00000, 0x0000000747c00000| Updating 
| 337|0x0000000747e00000, 0x0000000748000000, 0x0000000748000000|100%| O|  |TAMS 0x0000000747e53e00, 0x0000000747e00000| Untracked 
| 338|0x0000000748000000, 0x0000000748200000, 0x0000000748200000|100%| O|  |TAMS 0x0000000748000000, 0x0000000748000000| Untracked 
| 339|0x0000000748200000, 0x0000000748400000, 0x0000000748400000|100%| O|  |TAMS 0x0000000748200000, 0x0000000748200000| Untracked 
| 340|0x0000000748400000, 0x0000000748600000, 0x0000000748600000|100%| O|  |TAMS 0x0000000748400000, 0x0000000748400000| Untracked 
| 341|0x0000000748600000, 0x0000000748800000, 0x0000000748800000|100%| O|  |TAMS 0x0000000748600000, 0x0000000748600000| Untracked 
| 342|0x0000000748800000, 0x0000000748a00000, 0x0000000748a00000|100%| O|  |TAMS 0x0000000748800000, 0x0000000748800000| Untracked 
| 343|0x0000000748a00000, 0x0000000748c00000, 0x0000000748c00000|100%| O|  |TAMS 0x0000000748a00000, 0x0000000748a00000| Untracked 
| 344|0x0000000748c00000, 0x0000000748d0a000, 0x0000000748e00000| 51%| O|  |TAMS 0x0000000748c00000, 0x0000000748c00000| Updating 
| 345|0x0000000748e00000, 0x0000000748e00000, 0x0000000749000000|  0%| F|  |TAMS 0x0000000748e00000, 0x0000000748e00000| Untracked 
| 346|0x0000000749000000, 0x0000000749000000, 0x0000000749200000|  0%| F|  |TAMS 0x0000000749000000, 0x0000000749000000| Untracked 
| 347|0x0000000749200000, 0x0000000749200000, 0x0000000749400000|  0%| F|  |TAMS 0x0000000749200000, 0x0000000749200000| Untracked 
| 348|0x0000000749400000, 0x0000000749400000, 0x0000000749600000|  0%| F|  |TAMS 0x0000000749400000, 0x0000000749400000| Untracked 
| 349|0x0000000749600000, 0x0000000749600000, 0x0000000749800000|  0%| F|  |TAMS 0x0000000749600000, 0x0000000749600000| Untracked 
| 350|0x0000000749800000, 0x0000000749800000, 0x0000000749a00000|  0%| F|  |TAMS 0x0000000749800000, 0x0000000749800000| Untracked 
| 351|0x0000000749a00000, 0x0000000749a00000, 0x0000000749c00000|  0%| F|  |TAMS 0x0000000749a00000, 0x0000000749a00000| Untracked 
| 352|0x0000000749c00000, 0x0000000749c00000, 0x0000000749e00000|  0%| F|  |TAMS 0x0000000749c00000, 0x0000000749c00000| Untracked 
| 353|0x0000000749e00000, 0x0000000749e00000, 0x000000074a000000|  0%| F|  |TAMS 0x0000000749e00000, 0x0000000749e00000| Untracked 
| 354|0x000000074a000000, 0x000000074a000000, 0x000000074a200000|  0%| F|  |TAMS 0x000000074a000000, 0x000000074a000000| Untracked 
| 355|0x000000074a200000, 0x000000074a200000, 0x000000074a400000|  0%| F|  |TAMS 0x000000074a200000, 0x000000074a200000| Untracked 
| 356|0x000000074a400000, 0x000000074a400000, 0x000000074a600000|  0%| F|  |TAMS 0x000000074a400000, 0x000000074a400000| Untracked 
| 357|0x000000074a600000, 0x000000074a600000, 0x000000074a800000|  0%| F|  |TAMS 0x000000074a600000, 0x000000074a600000| Untracked 
| 358|0x000000074a800000, 0x000000074a800000, 0x000000074aa00000|  0%| F|  |TAMS 0x000000074a800000, 0x000000074a800000| Untracked 
| 359|0x000000074aa00000, 0x000000074aa00000, 0x000000074ac00000|  0%| F|  |TAMS 0x000000074aa00000, 0x000000074aa00000| Untracked 
| 360|0x000000074ac00000, 0x000000074ac00000, 0x000000074ae00000|  0%| F|  |TAMS 0x000000074ac00000, 0x000000074ac00000| Untracked 
| 361|0x000000074ae00000, 0x000000074ae00000, 0x000000074b000000|  0%| F|  |TAMS 0x000000074ae00000, 0x000000074ae00000| Untracked 
| 362|0x000000074b000000, 0x000000074b000000, 0x000000074b200000|  0%| F|  |TAMS 0x000000074b000000, 0x000000074b000000| Untracked 
| 363|0x000000074b200000, 0x000000074b200000, 0x000000074b400000|  0%| F|  |TAMS 0x000000074b200000, 0x000000074b200000| Untracked 
| 364|0x000000074b400000, 0x000000074b400000, 0x000000074b600000|  0%| F|  |TAMS 0x000000074b400000, 0x000000074b400000| Untracked 
| 365|0x000000074b600000, 0x000000074b800000, 0x000000074b800000|100%| S|CS|TAMS 0x000000074b600000, 0x000000074b600000| Complete 
| 366|0x000000074b800000, 0x000000074ba00000, 0x000000074ba00000|100%| S|CS|TAMS 0x000000074b800000, 0x000000074b800000| Complete 
| 367|0x000000074ba00000, 0x000000074bc00000, 0x000000074bc00000|100%| S|CS|TAMS 0x000000074ba00000, 0x000000074ba00000| Complete 
| 368|0x000000074bc00000, 0x000000074bc00000, 0x000000074be00000|  0%| F|  |TAMS 0x000000074bc00000, 0x000000074bc00000| Untracked 
| 369|0x000000074be00000, 0x000000074be00000, 0x000000074c000000|  0%| F|  |TAMS 0x000000074be00000, 0x000000074be00000| Untracked 
| 370|0x000000074c000000, 0x000000074c000000, 0x000000074c200000|  0%| F|  |TAMS 0x000000074c000000, 0x000000074c000000| Untracked 
| 371|0x000000074c200000, 0x000000074c200000, 0x000000074c400000|  0%| F|  |TAMS 0x000000074c200000, 0x000000074c200000| Untracked 
| 372|0x000000074c400000, 0x000000074c400000, 0x000000074c600000|  0%| F|  |TAMS 0x000000074c400000, 0x000000074c400000| Untracked 
| 373|0x000000074c600000, 0x000000074c7eb4f0, 0x000000074c800000| 95%| E|  |TAMS 0x000000074c600000, 0x000000074c600000| Complete 
| 374|0x000000074c800000, 0x000000074ca00000, 0x000000074ca00000|100%| E|CS|TAMS 0x000000074c800000, 0x000000074c800000| Complete 
| 375|0x000000074ca00000, 0x000000074cc00000, 0x000000074cc00000|100%| E|CS|TAMS 0x000000074ca00000, 0x000000074ca00000| Complete 
| 376|0x000000074cc00000, 0x000000074ce00000, 0x000000074ce00000|100%| E|CS|TAMS 0x000000074cc00000, 0x000000074cc00000| Complete 
| 377|0x000000074ce00000, 0x000000074d000000, 0x000000074d000000|100%| E|CS|TAMS 0x000000074ce00000, 0x000000074ce00000| Complete 
| 378|0x000000074d000000, 0x000000074d200000, 0x000000074d200000|100%| E|CS|TAMS 0x000000074d000000, 0x000000074d000000| Complete 
| 379|0x000000074d200000, 0x000000074d400000, 0x000000074d400000|100%| E|CS|TAMS 0x000000074d200000, 0x000000074d200000| Complete 
| 380|0x000000074d400000, 0x000000074d600000, 0x000000074d600000|100%| E|CS|TAMS 0x000000074d400000, 0x000000074d400000| Complete 
| 381|0x000000074d600000, 0x000000074d800000, 0x000000074d800000|100%| E|CS|TAMS 0x000000074d600000, 0x000000074d600000| Complete 
| 382|0x000000074d800000, 0x000000074da00000, 0x000000074da00000|100%| E|CS|TAMS 0x000000074d800000, 0x000000074d800000| Complete 
| 383|0x000000074da00000, 0x000000074dc00000, 0x000000074dc00000|100%| E|CS|TAMS 0x000000074da00000, 0x000000074da00000| Complete 
| 384|0x000000074dc00000, 0x000000074de00000, 0x000000074de00000|100%| E|CS|TAMS 0x000000074dc00000, 0x000000074dc00000| Complete 
| 385|0x000000074de00000, 0x000000074e000000, 0x000000074e000000|100%| E|CS|TAMS 0x000000074de00000, 0x000000074de00000| Complete 
| 386|0x000000074e000000, 0x000000074e200000, 0x000000074e200000|100%| E|CS|TAMS 0x000000074e000000, 0x000000074e000000| Complete 

Card table byte_map: [0x000001e0f2a50000,0x000001e0f3170000] _byte_map_base: 0x000001e0ef162000

Marking Bits (Prev, Next): (CMBitMap*) 0x000001e0d9d216f0, (CMBitMap*) 0x000001e0d9d21730
 Prev Bits: [0x000001e0f3890000, 0x000001e0f7120000)
 Next Bits: [0x000001e0f7120000, 0x000001e0fa9b0000)

Polling page: 0x000001e0d9b70000

Metaspace:

Usage:
  Non-class:     65.71 MB used.
      Class:      7.68 MB used.
       Both:     73.40 MB used.

Virtual space:
  Non-class space:       72.00 MB reserved,      66.00 MB ( 92%) committed,  9 nodes.
      Class space:        1.00 GB reserved,       7.94 MB ( <1%) committed,  1 nodes.
             Both:        1.07 GB reserved,      73.94 MB (  7%) committed. 

Chunk freelists:
   Non-Class:  1.28 MB
       Class:  3.92 MB
        Both:  5.20 MB

MaxMetaspaceSize: unlimited
CompressedClassSpaceSize: 1.00 GB
Initial GC threshold: 21.00 MB
Current GC threshold: 88.56 MB
CDS: on
MetaspaceReclaimPolicy: balanced
 - commit_granule_bytes: 65536.
 - commit_granule_words: 8192.
 - virtual_space_node_default_size: 1048576.
 - enlarge_chunks_in_place: 1.
 - new_chunks_are_fully_committed: 0.
 - uncommit_free_chunks: 1.
 - use_allocation_guard: 0.
 - handle_deallocations: 1.


Internal statistics:

num_allocs_failed_limit: 9.
num_arena_births: 838.
num_arena_deaths: 0.
num_vsnodes_births: 10.
num_vsnodes_deaths: 0.
num_space_committed: 1180.
num_space_uncommitted: 0.
num_chunks_returned_to_freelist: 9.
num_chunks_taken_from_freelist: 3973.
num_chunk_merges: 9.
num_chunk_splits: 2816.
num_chunks_enlarged: 2128.
num_purges: 0.
num_inconsistent_stats: 0.

CodeHeap 'non-profiled nmethods': size=120000Kb used=24998Kb max_used=24998Kb free=95001Kb
 bounds [0x000001e0ea7d0000, 0x000001e0ec040000, 0x000001e0f1d00000]
CodeHeap 'profiled nmethods': size=120000Kb used=40790Kb max_used=42511Kb free=79209Kb
 bounds [0x000001e0e2d00000, 0x000001e0e56a0000, 0x000001e0ea230000]
CodeHeap 'non-nmethods': size=5760Kb used=1411Kb max_used=1504Kb free=4348Kb
 bounds [0x000001e0ea230000, 0x000001e0ea4a0000, 0x000001e0ea7d0000]
 total_blobs=19243 nmethods=18509 adapters=640
 compilation: enabled
              stopped_count=0, restarted_count=0
 full_count=0

Compilation events (20 events):
Event: 360.604 Thread 0x000001e0fcfddf50 30606       3       org.jetbrains.kotlin.ir.expressions.IrThrow::accept (15 bytes)
Event: 360.606 Thread 0x000001e0fcfddf50 nmethod 30606 0x000001e0e3d5c810 code [0x000001e0e3d5ca20, 0x000001e0e3d5d0c8]
Event: 360.606 Thread 0x000001e0fcfddf50 30607       3       org.jetbrains.kotlin.builtins.ReflectionTypes::<init> (139 bytes)
Event: 360.610 Thread 0x000001e0fcfddf50 nmethod 30607 0x000001e0e4e88d10 code [0x000001e0e4e890a0, 0x000001e0e4e8aa68]
Event: 360.613 Thread 0x000001e0fcfddf50 30608       3       org.jetbrains.kotlin.builtins.ReflectionTypes$ClassLookup::<init> (10 bytes)
Event: 360.613 Thread 0x000001e0fcfddf50 nmethod 30608 0x000001e0e4287c90 code [0x000001e0e4287e20, 0x000001e0e4287f98]
Event: 360.767 Thread 0x000001e0fcfda580 nmethod 30569 0x000001e0ec025210 code [0x000001e0ec025980, 0x000001e0ec02c190]
Event: 360.769 Thread 0x000001e0fcfda580 30603   !   4       java.util.ArrayList::batchRemove (184 bytes)
Event: 360.815 Thread 0x000001e0fcfddf50 30610       3       org.jetbrains.kotlin.ir.util.DeclarationParentsVisitor::visitConstructorCall (6 bytes)
Event: 360.815 Thread 0x000001e0fcfddf50 nmethod 30610 0x000001e0e432d410 code [0x000001e0e432d640, 0x000001e0e432dd28]
Event: 360.817 Thread 0x000001e082d60940 nmethod 30581 0x000001e0ec031490 code [0x000001e0ec031900, 0x000001e0ec035e48]
Event: 360.818 Thread 0x000001e082d60940 30582       4       org.jetbrains.kotlin.ir.expressions.IrTypeOperatorCall::acceptChildren (17 bytes)
Event: 360.819 Thread 0x000001e082d60940 nmethod 30582 0x000001e0ec039010 code [0x000001e0ec039180, 0x000001e0ec039238]
Event: 360.819 Thread 0x000001e082d60940 30594       4       org.jetbrains.kotlin.psi.KtBinaryExpression::getOperationReference (5 bytes)
Event: 360.823 Thread 0x000001e0fcfddf50 30611       3       org.jetbrains.kotlin.ir.util.DeclarationParentsVisitor::visitConstructorCall (13 bytes)
Event: 360.824 Thread 0x000001e0fcfddf50 nmethod 30611 0x000001e0e4f93c90 code [0x000001e0e4f93ec0, 0x000001e0e4f947a8]
Event: 360.825 Thread 0x000001e082d60940 nmethod 30594 0x000001e0ec039310 code [0x000001e0ec0394a0, 0x000001e0ec039658]
Event: 360.825 Thread 0x000001e082d60940 30577       4       org.jetbrains.kotlin.descriptors.DescriptorUtilKt::resolveClassByFqName (172 bytes)
Event: 360.834 Thread 0x000001e0fcfddf50 30612       3       org.jetbrains.kotlin.ir.expressions.impl.IrDelegatingConstructorCallImpl::getSymbol (8 bytes)
Event: 360.834 Thread 0x000001e0fcfddf50 nmethod 30612 0x000001e0e3727490 code [0x000001e0e3727620, 0x000001e0e3727858]

GC Heap History (20 events):
Event: 338.837 GC heap before
{Heap before GC invocations=87 (full 0):
 garbage-first heap   total 792576K, used 703960K [0x000000071dc00000, 0x0000000800000000)
  region size 2048K, 26 young (53248K), 3 survivors (6144K)
 Metaspace       used 68926K, committed 69376K, reserved 1114112K
  class space    used 7334K, committed 7552K, reserved 1048576K
}
Event: 338.862 GC heap after
{Heap after GC invocations=88 (full 0):
 garbage-first heap   total 792576K, used 657415K [0x000000071dc00000, 0x0000000800000000)
  region size 2048K, 3 young (6144K), 3 survivors (6144K)
 Metaspace       used 68926K, committed 69376K, reserved 1114112K
  class space    used 7334K, committed 7552K, reserved 1048576K
}
Event: 340.264 GC heap before
{Heap before GC invocations=88 (full 0):
 garbage-first heap   total 792576K, used 704519K [0x000000071dc00000, 0x0000000800000000)
  region size 2048K, 26 young (53248K), 3 survivors (6144K)
 Metaspace       used 69049K, committed 69504K, reserved 1114112K
  class space    used 7341K, committed 7552K, reserved 1048576K
}
Event: 340.286 GC heap after
{Heap after GC invocations=89 (full 0):
 garbage-first heap   total 792576K, used 658794K [0x000000071dc00000, 0x0000000800000000)
  region size 2048K, 3 young (6144K), 3 survivors (6144K)
 Metaspace       used 69049K, committed 69504K, reserved 1114112K
  class space    used 7341K, committed 7552K, reserved 1048576K
}
Event: 343.802 GC heap before
{Heap before GC invocations=89 (full 0):
 garbage-first heap   total 792576K, used 701802K [0x000000071dc00000, 0x0000000800000000)
  region size 2048K, 25 young (51200K), 3 survivors (6144K)
 Metaspace       used 72530K, committed 73024K, reserved 1122304K
  class space    used 7681K, committed 7936K, reserved 1048576K
}
Event: 343.831 GC heap after
{Heap after GC invocations=90 (full 0):
 garbage-first heap   total 792576K, used 660485K [0x000000071dc00000, 0x0000000800000000)
  region size 2048K, 3 young (6144K), 3 survivors (6144K)
 Metaspace       used 72530K, committed 73024K, reserved 1122304K
  class space    used 7681K, committed 7936K, reserved 1048576K
}
Event: 347.486 GC heap before
{Heap before GC invocations=90 (full 0):
 garbage-first heap   total 792576K, used 705541K [0x000000071dc00000, 0x0000000800000000)
  region size 2048K, 25 young (51200K), 3 survivors (6144K)
 Metaspace       used 74410K, committed 74944K, reserved 1122304K
  class space    used 7830K, committed 8064K, reserved 1048576K
}
Event: 347.540 GC heap after
{Heap after GC invocations=91 (full 0):
 garbage-first heap   total 792576K, used 667823K [0x000000071dc00000, 0x0000000800000000)
  region size 2048K, 4 young (8192K), 4 survivors (8192K)
 Metaspace       used 74410K, committed 74944K, reserved 1122304K
  class space    used 7830K, committed 8064K, reserved 1048576K
}
Event: 349.416 GC heap before
{Heap before GC invocations=91 (full 0):
 garbage-first heap   total 792576K, used 700591K [0x000000071dc00000, 0x0000000800000000)
  region size 2048K, 20 young (40960K), 4 survivors (8192K)
 Metaspace       used 74628K, committed 75200K, reserved 1122304K
  class space    used 7843K, committed 8128K, reserved 1048576K
}
Event: 349.470 GC heap after
{Heap after GC invocations=92 (full 0):
 garbage-first heap   total 792576K, used 675146K [0x000000071dc00000, 0x0000000800000000)
  region size 2048K, 3 young (6144K), 3 survivors (6144K)
 Metaspace       used 74628K, committed 75200K, reserved 1122304K
  class space    used 7843K, committed 8128K, reserved 1048576K
}
Event: 350.747 GC heap before
{Heap before GC invocations=92 (full 0):
 garbage-first heap   total 792576K, used 707914K [0x000000071dc00000, 0x0000000800000000)
  region size 2048K, 19 young (38912K), 3 survivors (6144K)
 Metaspace       used 74858K, committed 75392K, reserved 1122304K
  class space    used 7861K, committed 8128K, reserved 1048576K
}
Event: 350.779 GC heap after
{Heap after GC invocations=93 (full 0):
 garbage-first heap   total 792576K, used 681973K [0x000000071dc00000, 0x0000000800000000)
  region size 2048K, 3 young (6144K), 3 survivors (6144K)
 Metaspace       used 74858K, committed 75392K, reserved 1122304K
  class space    used 7861K, committed 8128K, reserved 1048576K
}
Event: 351.989 GC heap before
{Heap before GC invocations=93 (full 0):
 garbage-first heap   total 792576K, used 714741K [0x000000071dc00000, 0x0000000800000000)
  region size 2048K, 19 young (38912K), 3 survivors (6144K)
 Metaspace       used 74894K, committed 75456K, reserved 1122304K
  class space    used 7861K, committed 8128K, reserved 1048576K
}
Event: 352.018 GC heap after
{Heap after GC invocations=94 (full 0):
 garbage-first heap   total 792576K, used 689631K [0x000000071dc00000, 0x0000000800000000)
  region size 2048K, 3 young (6144K), 3 survivors (6144K)
 Metaspace       used 74894K, committed 75456K, reserved 1122304K
  class space    used 7861K, committed 8128K, reserved 1048576K
}
Event: 353.154 GC heap before
{Heap before GC invocations=94 (full 0):
 garbage-first heap   total 792576K, used 722399K [0x000000071dc00000, 0x0000000800000000)
  region size 2048K, 19 young (38912K), 3 survivors (6144K)
 Metaspace       used 74942K, committed 75520K, reserved 1122304K
  class space    used 7863K, committed 8128K, reserved 1048576K
}
Event: 353.200 GC heap after
{Heap after GC invocations=95 (full 0):
 garbage-first heap   total 792576K, used 696644K [0x000000071dc00000, 0x0000000800000000)
  region size 2048K, 3 young (6144K), 3 survivors (6144K)
 Metaspace       used 74942K, committed 75520K, reserved 1122304K
  class space    used 7863K, committed 8128K, reserved 1048576K
}
Event: 354.321 GC heap before
{Heap before GC invocations=95 (full 0):
 garbage-first heap   total 792576K, used 729412K [0x000000071dc00000, 0x0000000800000000)
  region size 2048K, 19 young (38912K), 3 survivors (6144K)
 Metaspace       used 75015K, committed 75584K, reserved 1122304K
  class space    used 7863K, committed 8128K, reserved 1048576K
}
Event: 354.360 GC heap after
{Heap after GC invocations=96 (full 0):
 garbage-first heap   total 792576K, used 704082K [0x000000071dc00000, 0x0000000800000000)
  region size 2048K, 3 young (6144K), 3 survivors (6144K)
 Metaspace       used 75015K, committed 75584K, reserved 1122304K
  class space    used 7863K, committed 8128K, reserved 1048576K
}
Event: 357.158 GC heap before
{Heap before GC invocations=96 (full 0):
 garbage-first heap   total 792576K, used 736850K [0x000000071dc00000, 0x0000000800000000)
  region size 2048K, 19 young (38912K), 3 survivors (6144K)
 Metaspace       used 75086K, committed 75648K, reserved 1122304K
  class space    used 7863K, committed 8128K, reserved 1048576K
}
Event: 357.194 GC heap after
{Heap after GC invocations=97 (full 0):
 garbage-first heap   total 792576K, used 711709K [0x000000071dc00000, 0x0000000800000000)
  region size 2048K, 3 young (6144K), 3 survivors (6144K)
 Metaspace       used 75086K, committed 75648K, reserved 1122304K
  class space    used 7863K, committed 8128K, reserved 1048576K
}

Deoptimization events (20 events):
Event: 360.315 Thread 0x000001e0d9cbdf70 Uncommon trap: trap_request=0xffffffbe fr.pc=0x000001e0ec01408c relative=0x000000000000390c
Event: 360.315 Thread 0x000001e0d9cbdf70 Uncommon trap: reason=profile_predicate action=maybe_recompile pc=0x000001e0ec01408c method=org.jetbrains.kotlin.psi2ir.generators.CallGenerator.generateFunctionCall$lambda$25(Lorg/jetbrains/kotlin/descriptors/FunctionDescriptor;Lorg/jetbrains/kotlin/psi2
Event: 360.315 Thread 0x000001e0d9cbdf70 DEOPT PACKING pc=0x000001e0ec01408c sp=0x000000b5185fd9b0
Event: 360.315 Thread 0x000001e0d9cbdf70 DEOPT UNPACKING pc=0x000001e0ea2823a3 sp=0x000000b5185fd8e0 mode 2
Event: 360.316 Thread 0x000001e0d9cbdf70 Uncommon trap: trap_request=0xffffffbe fr.pc=0x000001e0ec01408c relative=0x000000000000390c
Event: 360.316 Thread 0x000001e0d9cbdf70 Uncommon trap: reason=profile_predicate action=maybe_recompile pc=0x000001e0ec01408c method=org.jetbrains.kotlin.psi2ir.generators.CallGenerator.generateFunctionCall$lambda$25(Lorg/jetbrains/kotlin/descriptors/FunctionDescriptor;Lorg/jetbrains/kotlin/psi2
Event: 360.316 Thread 0x000001e0d9cbdf70 DEOPT PACKING pc=0x000001e0ec01408c sp=0x000000b5185fd480
Event: 360.316 Thread 0x000001e0d9cbdf70 DEOPT UNPACKING pc=0x000001e0ea2823a3 sp=0x000000b5185fd3b0 mode 2
Event: 360.354 Thread 0x000001e0d9cbdf70 Uncommon trap: trap_request=0xffffffbe fr.pc=0x000001e0ec01408c relative=0x000000000000390c
Event: 360.354 Thread 0x000001e0d9cbdf70 Uncommon trap: reason=profile_predicate action=maybe_recompile pc=0x000001e0ec01408c method=org.jetbrains.kotlin.psi2ir.generators.CallGenerator.generateFunctionCall$lambda$25(Lorg/jetbrains/kotlin/descriptors/FunctionDescriptor;Lorg/jetbrains/kotlin/psi2
Event: 360.354 Thread 0x000001e0d9cbdf70 DEOPT PACKING pc=0x000001e0ec01408c sp=0x000000b5185fd840
Event: 360.354 Thread 0x000001e0d9cbdf70 DEOPT UNPACKING pc=0x000001e0ea2823a3 sp=0x000000b5185fd770 mode 2
Event: 360.355 Thread 0x000001e0d9cbdf70 Uncommon trap: trap_request=0xffffffbe fr.pc=0x000001e0ec01408c relative=0x000000000000390c
Event: 360.355 Thread 0x000001e0d9cbdf70 Uncommon trap: reason=profile_predicate action=maybe_recompile pc=0x000001e0ec01408c method=org.jetbrains.kotlin.psi2ir.generators.CallGenerator.generateFunctionCall$lambda$25(Lorg/jetbrains/kotlin/descriptors/FunctionDescriptor;Lorg/jetbrains/kotlin/psi2
Event: 360.355 Thread 0x000001e0d9cbdf70 DEOPT PACKING pc=0x000001e0ec01408c sp=0x000000b5185fd8d0
Event: 360.355 Thread 0x000001e0d9cbdf70 DEOPT UNPACKING pc=0x000001e0ea2823a3 sp=0x000000b5185fd800 mode 2
Event: 360.528 Thread 0x000001e0d9cbdf70 Uncommon trap: trap_request=0xffffffc6 fr.pc=0x000001e0ebf28cf8 relative=0x0000000000004658
Event: 360.528 Thread 0x000001e0d9cbdf70 Uncommon trap: reason=bimorphic_or_optimized_type_check action=maybe_recompile pc=0x000001e0ebf28cf8 method=org.jetbrains.kotlin.psi2ir.generators.DeclarationGenerator.generateTypeParameterDeclarations(Lorg/jetbrains/kotlin/ir/declarations/IrTypeParameter
Event: 360.528 Thread 0x000001e0d9cbdf70 DEOPT PACKING pc=0x000001e0ebf28cf8 sp=0x000000b5185fe560
Event: 360.528 Thread 0x000001e0d9cbdf70 DEOPT UNPACKING pc=0x000001e0ea2823a3 sp=0x000000b5185fe520 mode 2

Classes unloaded (0 events):
No events

Classes redefined (0 events):
No events

Internal exceptions (20 events):
Event: 261.211 Thread 0x000001e0d9cbdf70 Implicit null exception at 0x000001e0eb694ec0 to 0x000001e0eb695ffc
Event: 266.505 Thread 0x000001e0d9cbdf70 Implicit null exception at 0x000001e0eb5c8357 to 0x000001e0eb5cc090
Event: 268.264 Thread 0x000001e0d9cbdf70 Exception <a 'java/lang/IncompatibleClassChangeError'{0x000000074c13c090}: Found class java.lang.Object, but interface was expected> (0x000000074c13c090) 
thrown [s\open\src\hotspot\share\interpreter\linkResolver.cpp, line 826]
Event: 276.297 Thread 0x000001e0d9cbdf70 Implicit null exception at 0x000001e0ead8c96f to 0x000001e0ead8cc00
Event: 277.806 Thread 0x000001e0d9cbdf70 Implicit null exception at 0x000001e0eb78b800 to 0x000001e0eb78d998
Event: 304.937 Thread 0x000001e0d9cbdf70 Implicit null exception at 0x000001e0eb985047 to 0x000001e0eb9876c0
Event: 304.937 Thread 0x000001e0d9cbdf70 Implicit null exception at 0x000001e0eb9fe1a3 to 0x000001e0eb9fe73c
Event: 315.900 Thread 0x000001e0d9cbdf70 Implicit null exception at 0x000001e0eae53940 to 0x000001e0eae54a70
Event: 324.910 Thread 0x000001e0d9cbdf70 Implicit null exception at 0x000001e0ebb6aeb4 to 0x000001e0ebb6d0e4
Event: 326.874 Thread 0x000001e0d9cbdf70 Implicit null exception at 0x000001e0ebbeaf97 to 0x000001e0ebbec898
Event: 341.161 Thread 0x000001e0d9cbdf70 Implicit null exception at 0x000001e0eaeedc57 to 0x000001e0eaef0fa0
Event: 343.410 Thread 0x000001e0d9cbdf70 Exception <a 'java/lang/NoSuchMethodError'{0x000000074bafa060}: 'java.lang.Object java.lang.invoke.DirectMethodHandle$Holder.newInvokeSpecial(java.lang.Object, java.lang.Object, java.lang.Object, int, int)'> (0x000000074bafa060) 
thrown [s\open\src\hotspot\share\interpreter\linkResolver.cpp, line 759]
Event: 343.411 Thread 0x000001e0d9cbdf70 Exception <a 'java/lang/NoSuchMethodError'{0x000000074bafdea0}: 'java.lang.Object java.lang.invoke.DirectMethodHandle$Holder.invokeSpecial(java.lang.Object, java.lang.Object, java.lang.Object, java.lang.Object, int, int)'> (0x000000074bafdea0) 
thrown [s\open\src\hotspot\share\interpreter\linkResolver.cpp, line 759]
Event: 344.233 Thread 0x000001e0d9cbdf70 Exception <a 'java/lang/NoSuchMethodError'{0x000000074dccc010}: 'java.lang.Object java.lang.invoke.Invokers$Holder.linkToTargetMethod(java.lang.Object, java.lang.Object, int, int, java.lang.Object, java.lang.Object, java.lang.Object, java.lang.Object, java.lang.Object)'> (0x000000074dccc010) 
thrown [s\open\src\hotspot\share\interpreter\linkResolver.cpp, line 759]
Event: 344.247 Thread 0x000001e0d9cbdf70 Exception <a 'java/lang/NoSuchMethodError'{0x000000074dcf4970}: 'java.lang.Object java.lang.invoke.DirectMethodHandle$Holder.invokeStatic(java.lang.Object, java.lang.Object, java.lang.Object, int, int, java.lang.Object, java.lang.Object, java.lang.Object, java.lang.Object)'> (0x000000074dcf4970) 
thrown [s\open\src\hotspot\share\interpreter\linkResolver.cpp, line 759]
Event: 344.248 Thread 0x000001e0d9cbdf70 Exception <a 'java/lang/NoSuchMethodError'{0x000000074dcfec38}: 'java.lang.Object java.lang.invoke.DirectMethodHandle$Holder.newInvokeSpecial(java.lang.Object, java.lang.Object, java.lang.Object, int, int, java.lang.Object)'> (0x000000074dcfec38) 
thrown [s\open\src\hotspot\share\interpreter\linkResolver.cpp, line 759]
Event: 344.249 Thread 0x000001e0d9cbdf70 Exception <a 'java/lang/NoSuchMethodError'{0x000000074dd065d8}: 'java.lang.Object java.lang.invoke.Invokers$Holder.linkToTargetMethod(java.lang.Object, java.lang.Object, int, int, java.lang.Object, java.lang.Object)'> (0x000000074dd065d8) 
thrown [s\open\src\hotspot\share\interpreter\linkResolver.cpp, line 759]
Event: 348.638 Thread 0x000001e0d9cbdf70 Implicit null exception at 0x000001e0eb79c520 to 0x000001e0eb79d04c
Event: 349.340 Thread 0x000001e0d9cbdf70 Exception <a 'java/lang/NoSuchMethodError'{0x000000074c2e7b60}: 'java.lang.Object java.lang.invoke.DirectMethodHandle$Holder.newInvokeSpecial(java.lang.Object, java.lang.Object, int, int, java.lang.Object, java.lang.Object, java.lang.Object)'> (0x000000074c2e7b60) 
thrown [s\open\src\hotspot\share\interpreter\linkResolver.cpp, line 759]
Event: 349.341 Thread 0x000001e0d9cbdf70 Exception <a 'java/lang/NoSuchMethodError'{0x000000074c2ec4a0}: 'java.lang.Object java.lang.invoke.DirectMethodHandle$Holder.invokeSpecial(java.lang.Object, java.lang.Object, java.lang.Object, int, int, java.lang.Object, java.lang.Object, java.lang.Object)'> (0x000000074c2ec4a0) 
thrown [s\open\src\hotspot\share\interpreter\linkResolver.cpp, line 759]

VM Operations (20 events):
Event: 354.204 Executing VM operation: Cleanup done
Event: 354.321 Executing VM operation: G1CollectForAllocation
Event: 354.360 Executing VM operation: G1CollectForAllocation done
Event: 354.608 Executing VM operation: HandshakeAllThreads
Event: 354.609 Executing VM operation: HandshakeAllThreads done
Event: 354.740 Executing VM operation: HandshakeAllThreads
Event: 354.751 Executing VM operation: HandshakeAllThreads done
Event: 355.383 Executing VM operation: ICBufferFull
Event: 355.384 Executing VM operation: ICBufferFull done
Event: 356.396 Executing VM operation: Cleanup
Event: 356.396 Executing VM operation: Cleanup done
Event: 357.157 Executing VM operation: G1CollectForAllocation
Event: 357.194 Executing VM operation: G1CollectForAllocation done
Event: 358.195 Executing VM operation: Cleanup
Event: 358.247 Executing VM operation: Cleanup done
Event: 358.784 Executing VM operation: HandshakeAllThreads
Event: 358.797 Executing VM operation: HandshakeAllThreads done
Event: 359.812 Executing VM operation: Cleanup
Event: 359.906 Executing VM operation: Cleanup done
Event: 360.844 Executing VM operation: G1Concurrent

Events (20 events):
Event: 358.868 Thread 0x000001e0fd02eaf0 flushing nmethod 0x000001e0e4e89f10
Event: 358.868 Thread 0x000001e0fd02eaf0 flushing nmethod 0x000001e0e4e8bf90
Event: 358.868 Thread 0x000001e0fd02eaf0 flushing nmethod 0x000001e0e4ea7710
Event: 358.868 Thread 0x000001e0fd02eaf0 flushing nmethod 0x000001e0e4eeca10
Event: 358.869 Thread 0x000001e0fd02eaf0 flushing nmethod 0x000001e0e4f65610
Event: 358.869 Thread 0x000001e0fd02eaf0 flushing nmethod 0x000001e0e4f66890
Event: 358.869 Thread 0x000001e0fd02eaf0 flushing nmethod 0x000001e0e4f67010
Event: 358.869 Thread 0x000001e0fd02eaf0 flushing nmethod 0x000001e0e4ffa790
Event: 358.870 Thread 0x000001e0fd02eaf0 flushing nmethod 0x000001e0e5045590
Event: 358.873 Thread 0x000001e0fd02eaf0 flushing nmethod 0x000001e0e50b3e90
Event: 358.874 Thread 0x000001e0fd02eaf0 flushing nmethod 0x000001e0e51b5c10
Event: 358.874 Thread 0x000001e0fd02eaf0 flushing nmethod 0x000001e0e51b6710
Event: 358.875 Thread 0x000001e0fd02eaf0 flushing nmethod 0x000001e0e51d9010
Event: 358.876 Thread 0x000001e0fd02eaf0 flushing nmethod 0x000001e0e528c310
Event: 358.877 Thread 0x000001e0fd02eaf0 flushing nmethod 0x000001e0e52fc890
Event: 358.878 Thread 0x000001e0fd02eaf0 flushing nmethod 0x000001e0e5383290
Event: 358.878 Thread 0x000001e0fd02eaf0 flushing nmethod 0x000001e0e53a5510
Event: 358.878 Thread 0x000001e0fd02eaf0 flushing nmethod 0x000001e0e53bfb90
Event: 358.879 Thread 0x000001e0fd02eaf0 flushing nmethod 0x000001e0e5487910
Event: 358.879 Thread 0x000001e0fd02eaf0 flushing nmethod 0x000001e0e548b810


Dynamic libraries:
0x00007ff7acb30000 - 0x00007ff7acb40000 	C:\DevPrograms\JAVA\jdk\jdk-17\bin\java.exe
0x00007ffd19950000 - 0x00007ffd19b48000 	C:\WINDOWS\SYSTEM32\ntdll.dll
0x00007ffd18530000 - 0x00007ffd185ef000 	C:\WINDOWS\System32\KERNEL32.DLL
0x00007ffd174c0000 - 0x00007ffd177b6000 	C:\WINDOWS\System32\KERNELBASE.dll
0x00007ffd14820000 - 0x00007ffd148b1000 	C:\WINDOWS\SYSTEM32\apphelp.dll
0x00007ffd17030000 - 0x00007ffd17130000 	C:\WINDOWS\System32\ucrtbase.dll
0x00007ffce1020000 - 0x00007ffce1038000 	C:\DevPrograms\JAVA\jdk\jdk-17\bin\jli.dll
0x00007ffd18480000 - 0x00007ffd1852f000 	C:\WINDOWS\System32\ADVAPI32.dll
0x00007ffd18940000 - 0x00007ffd189de000 	C:\WINDOWS\System32\msvcrt.dll
0x00007ffd17c20000 - 0x00007ffd17cbc000 	C:\WINDOWS\System32\sechost.dll
0x00007ffd18790000 - 0x00007ffd188b6000 	C:\WINDOWS\System32\RPCRT4.dll
0x00007ffd185f0000 - 0x00007ffd1878d000 	C:\WINDOWS\System32\USER32.dll
0x00007ffd17980000 - 0x00007ffd179a2000 	C:\WINDOWS\System32\win32u.dll
0x00007ffd17a90000 - 0x00007ffd17abc000 	C:\WINDOWS\System32\GDI32.dll
0x00007ffd17860000 - 0x00007ffd17975000 	C:\WINDOWS\System32\gdi32full.dll
0x00007ffd17130000 - 0x00007ffd171cd000 	C:\WINDOWS\System32\msvcp_win.dll
0x00007ffce1040000 - 0x00007ffce105b000 	C:\DevPrograms\JAVA\jdk\jdk-17\bin\VCRUNTIME140.dll
0x00007ffd07eb0000 - 0x00007ffd0814a000 	C:\WINDOWS\WinSxS\amd64_microsoft.windows.common-controls_6595b64144ccf1df_6.0.19041.1110_none_60b5254171f9507e\COMCTL32.dll
0x00007ffd0f8e0000 - 0x00007ffd0f8ea000 	C:\WINDOWS\SYSTEM32\VERSION.dll
0x00007ffd17b20000 - 0x00007ffd17b50000 	C:\WINDOWS\System32\IMM32.DLL
0x00007ffd03580000 - 0x00007ffd0358c000 	C:\DevPrograms\JAVA\jdk\jdk-17\bin\vcruntime140_1.dll
0x00007ffcd9770000 - 0x00007ffcd97fe000 	C:\DevPrograms\JAVA\jdk\jdk-17\bin\msvcp140.dll
0x00007ffc81710000 - 0x00007ffc822e7000 	C:\DevPrograms\JAVA\jdk\jdk-17\bin\server\jvm.dll
0x00007ffd17fa0000 - 0x00007ffd17fa8000 	C:\WINDOWS\System32\PSAPI.DLL
0x00007ffd11b10000 - 0x00007ffd11b19000 	C:\WINDOWS\SYSTEM32\WSOCK32.dll
0x00007ffd181f0000 - 0x00007ffd1825b000 	C:\WINDOWS\System32\WS2_32.dll
0x00007ffd07e10000 - 0x00007ffd07e37000 	C:\WINDOWS\SYSTEM32\WINMM.dll
0x00007ffd14ee0000 - 0x00007ffd14ef2000 	C:\WINDOWS\SYSTEM32\kernel.appcore.dll
0x00007ffd02da0000 - 0x00007ffd02daa000 	C:\DevPrograms\JAVA\jdk\jdk-17\bin\jimage.dll
0x00007ffd03f40000 - 0x00007ffd04124000 	C:\WINDOWS\SYSTEM32\DBGHELP.DLL
0x00007ffd03ee0000 - 0x00007ffd03f14000 	C:\WINDOWS\SYSTEM32\dbgcore.DLL
0x00007ffd172d0000 - 0x00007ffd17352000 	C:\WINDOWS\System32\bcryptPrimitives.dll
0x00007ffcdf8f0000 - 0x00007ffcdf915000 	C:\DevPrograms\JAVA\jdk\jdk-17\bin\java.dll
0x00007ffcc2130000 - 0x00007ffcc2207000 	C:\DevPrograms\JAVA\jdk\jdk-17\bin\jsvml.dll
0x00007ffd189f0000 - 0x00007ffd19134000 	C:\WINDOWS\System32\SHELL32.dll
0x00007ffd150e0000 - 0x00007ffd15873000 	C:\WINDOWS\SYSTEM32\windows.storage.dll
0x00007ffd19140000 - 0x00007ffd19494000 	C:\WINDOWS\System32\combase.dll
0x00007ffd169a0000 - 0x00007ffd169ce000 	C:\WINDOWS\SYSTEM32\Wldp.dll
0x00007ffd18350000 - 0x00007ffd183fd000 	C:\WINDOWS\System32\SHCORE.dll
0x00007ffd18420000 - 0x00007ffd18475000 	C:\WINDOWS\System32\shlwapi.dll
0x00007ffd16f70000 - 0x00007ffd16f8f000 	C:\WINDOWS\SYSTEM32\profapi.dll
0x00007ffcd6280000 - 0x00007ffcd6299000 	C:\DevPrograms\JAVA\jdk\jdk-17\bin\net.dll
0x00007ffd0def0000 - 0x00007ffd0dffa000 	C:\WINDOWS\SYSTEM32\WINHTTP.dll
0x00007ffd16700000 - 0x00007ffd1676a000 	C:\WINDOWS\system32\mswsock.dll
0x00007ffcd6260000 - 0x00007ffcd6276000 	C:\DevPrograms\JAVA\jdk\jdk-17\bin\nio.dll
0x00007ffcd9710000 - 0x00007ffcd9728000 	C:\DevPrograms\JAVA\jdk\jdk-17\bin\zip.dll
0x00007ffcff920000 - 0x00007ffcff930000 	C:\DevPrograms\JAVA\jdk\jdk-17\bin\verify.dll

dbghelp: loaded successfully - version: 4.0.5 - missing functions: none
symbol engine: initialized successfully - sym options: 0x614 - pdb path: .;C:\DevPrograms\JAVA\jdk\jdk-17\bin;C:\WINDOWS\SYSTEM32;C:\WINDOWS\WinSxS\amd64_microsoft.windows.common-controls_6595b64144ccf1df_6.0.19041.1110_none_60b5254171f9507e;C:\DevPrograms\JAVA\jdk\jdk-17\bin\server

VM Arguments:
java_command: org.jetbrains.kotlin.cli.jvm.K2JVMCompiler @C:\Users\AUGUSTO\Desktop\Dev_projetos\AnkiDroid\AnkiDroid\build\20230629_276782946233165097.compiler.options
java_class_path (initial): C:\Users\AUGUSTO\.gradle\caches\modules-2\files-2.1\org.jetbrains.kotlin\kotlin-compiler-embeddable\1.8.22\e2cf111da088dc807a74157741b4cd4b664edfb7\kotlin-compiler-embeddable-1.8.22.jar;C:\Users\AUGUSTO\.gradle\caches\modules-2\files-2.1\org.jetbrains.kotlin\kotlin-stdlib\1.8.22\636bf8b320e7627482771bbac9ed7246773c02bd\kotlin-stdlib-1.8.22.jar;C:\Users\AUGUSTO\.gradle\caches\modules-2\files-2.1\org.jetbrains.kotlin\kotlin-script-runtime\1.8.22\ce5ff1f309623f8c1be5143bdba032c4a04cec3a\kotlin-script-runtime-1.8.22.jar;C:\Users\AUGUSTO\.gradle\caches\modules-2\files-2.1\org.jetbrains.kotlin\kotlin-reflect\1.6.10\1cbe9c92c12a94eea200d23c2bbaedaf3daf5132\kotlin-reflect-1.6.10.jar;C:\Users\AUGUSTO\.gradle\caches\modules-2\files-2.1\org.jetbrains.kotlin\kotlin-daemon-embeddable\1.8.22\7d9f7e06a59d2fcbc9b373400c146f42fd722e81\kotlin-daemon-embeddable-1.8.22.jar;C:\Users\AUGUSTO\.gradle\caches\modules-2\files-2.1\org.jetbrains.intellij.deps\trove4j\1.0.20200330\3afb14d5f9ceb459d724e907a21145e8ff394f02\trove4j-1.0.20200330.jar;C:\Users\AUGUSTO\.gradle\caches\modules-2\files-2.1\net.java.dev.jna\jna\5.6.0\330f2244e9030119ab3030fc3fededc86713d9cc\jna-5.6.0.jar;C:\Users\AUGUSTO\.gradle\caches\modules-2\files-2.1\org.jetbrains.kotlin\kotlin-stdlib-common\1.8.22\1a8e3601703ae14bb58757ea6b2d8e8e5935a586\kotlin-stdlib-common-1.8.22.jar;C:\Users\AUGUSTO\.gradle\caches\modules-2\files-2.1\org.jetbrains\annotations\24.0.1\13c5c75c4206580aa4d683bffee658caae6c9f43\annotations-24.0.1.jar
Launcher Type: SUN_STANDARD

[Global flags]
     intx CICompilerCount                          = 3                                         {product} {ergonomic}
     uint ConcGCThreads                            = 1                                         {product} {ergonomic}
     uint G1ConcRefinementThreads                  = 4                                         {product} {ergonomic}
   size_t G1HeapRegionSize                         = 2097152                                   {product} {ergonomic}
    uintx GCDrainStackTargetSize                   = 64                                        {product} {ergonomic}
   size_t InitialHeapSize                          = 239075328                                 {product} {ergonomic}
   size_t MarkStackSize                            = 4194304                                   {product} {ergonomic}
   size_t MaxHeapSize                              = 3795845120                                {product} {ergonomic}
   size_t MaxNewSize                               = 2277507072                                {product} {ergonomic}
   size_t MinHeapDeltaBytes                        = 2097152                                   {product} {ergonomic}
   size_t MinHeapSize                              = 8388608                                   {product} {ergonomic}
    uintx NonNMethodCodeHeapSize                   = 5832780                                {pd product} {ergonomic}
    uintx NonProfiledCodeHeapSize                  = 122912730                              {pd product} {ergonomic}
    uintx ProfiledCodeHeapSize                     = 122912730                              {pd product} {ergonomic}
    uintx ReservedCodeCacheSize                    = 251658240                              {pd product} {ergonomic}
     bool SegmentedCodeCache                       = true                                      {product} {ergonomic}
   size_t SoftMaxHeapSize                          = 3795845120                             {manageable} {ergonomic}
     bool UseCompressedClassPointers               = true                           {product lp64_product} {ergonomic}
     bool UseCompressedOops                        = true                           {product lp64_product} {ergonomic}
     bool UseG1GC                                  = true                                      {product} {ergonomic}
     bool UseLargePagesIndividualAllocation        = false                                  {pd product} {ergonomic}

Logging:
Log output configuration:
 #0: stdout all=warning uptime,level,tags
 #1: stderr all=off uptime,level,tags

Environment Variables:
JAVA_HOME=C:\DevPrograms\JAVA\jdk\current
PATH=C:\Program Files (x86)\Common Files\Intel\Shared Libraries\redist\intel64\compiler;C:\WINDOWS\system32;C:\WINDOWS;C:\WINDOWS\System32\Wbem;C:\WINDOWS\System32\WindowsPowerShell\v1.0\;C:\WINDOWS\System32\OpenSSH\;C:\Program Files (x86)\dotnet\;C:\Program Files\Common Files\Autodesk Shared\;C:\Program Files\Microsoft SQL Server\150\Tools\Binn\;C:\Program Files\Git\cmd;C:\Users\AUGUSTO\Programas\Scripts\;C:\Users\AUGUSTO\Programas\;C:\Users\AUGUSTO\AppData\Local\Microsoft\WindowsApps;C:\Users\AUGUSTO\Programas\Microsoft VS Code\bin;C:\DevPrograms\JAVA\jdk\current\bin;C:\Users\AUGUSTO\AppData\Local\Android\Sdk\tools;C:\Users\AUGUSTO\AppData\Local\Android\Sdk\platform-tools;C:\Users\AUGUSTO\fvm\default;C:\Users\AUGUSTO\fvm\default\bin;C:\tools\dart-sdk\bin;C:\ProgramData\Chocolatey\bin;
USERNAME=AUGUSTO
OS=Windows_NT
PROCESSOR_IDENTIFIER=Intel64 Family 6 Model 78 Stepping 3, GenuineIntel



---------------  S Y S T E M  ---------------

OS:
 Windows 10 , 64 bit Build 19041 (10.0.19041.3031)
OS uptime: 14 days 14:09 hours

CPU: total 4 (initial active 4) (2 cores per cpu, 2 threads per core) family 6 model 78 stepping 3 microcode 0xec, cx8, cmov, fxsr, ht, mmx, 3dnowpref, sse, sse2, sse3, ssse3, sse4.1, sse4.2, popcnt, lzcnt, tsc, tscinvbit, avx, avx2, aes, erms, clmul, bmi1, bmi2, adx, fma, vzeroupper, clflush, clflushopt

Memory: 4k page, system-wide physical 14478M (350M free)
TotalPageFile size 22646M (AvailPageFile size 380M)
current process WorkingSet (physical memory assigned to process): 1007M, peak: 1009M
current process commit charge ("private bytes"): 1097M, peak: 1527M

vm_info: Java HotSpot(TM) 64-Bit Server VM (17.0.6+9-LTS-190) for windows-amd64 JRE (17.0.6+9-LTS-190), built on Dec  6 2022 15:53:54 by "mach5one" with MS VC++ 17.1 (VS2022)

END.
